Using pre-set license
Built from '2020.3/staging' branch; Version is '2020.3.22f1 (e1a7f79fd887) revision 14788599'; Using compiler version '192528614'; Build Type 'Release'
OS: 'Windows 10 Enterprise; OS build 19043.1645; Version 2009; 64bit' Language: 'en' Physical Memory: 7918 MB
BatchMode: 1, IsHumanControllingUs: 0, StartBugReporterOnCrash: 0, Is64bit: 1, IsPro: 0

COMMAND LINE ARGUMENTS:
C:\Program Files\Unity\Hub\Editor\2020.3.22f1\Editor\Unity.exe
-adb2
-batchMode
-noUpm
-name
AssetImportWorker0
-projectPath
D:/UnityGame/LearningUnity/CubeRunning2
-logFile
Logs/AssetImportWorker0.log
-srvPort
59699
Successfully changed project path to: D:/UnityGame/LearningUnity/CubeRunning2
D:/UnityGame/LearningUnity/CubeRunning2
Using Asset Import Pipeline V2.
Refreshing native plugins compatible for Editor in 250.96 ms, found 2 plugins.
Preloading 0 native plugins for Editor in 0.00 ms.
Initialize engine version: 2020.3.22f1 (e1a7f79fd887)
[Subsystems] Discovering subsystems at path C:/Program Files/Unity/Hub/Editor/2020.3.22f1/Editor/Data/Resources/UnitySubsystems
[Subsystems] Discovering subsystems at path D:/UnityGame/LearningUnity/CubeRunning2/Assets
GfxDevice: creating device client; threaded=0
Direct3D:
    Version:  Direct3D 11.0 [level 11.1]
    Renderer: Intel(R) Iris(R) Xe Graphics (ID=0x9a49)
    Vendor:   
    VRAM:     3959 MB
    Driver:   27.20.100.9365
Initialize mono
Mono path[0] = 'C:/Program Files/Unity/Hub/Editor/2020.3.22f1/Editor/Data/Managed'
Mono path[1] = 'C:/Program Files/Unity/Hub/Editor/2020.3.22f1/Editor/Data/MonoBleedingEdge/lib/mono/unityjit'
Mono config path = 'C:/Program Files/Unity/Hub/Editor/2020.3.22f1/Editor/Data/MonoBleedingEdge/etc'
Using monoOptions --debugger-agent=transport=dt_socket,embedding=1,server=y,suspend=n,address=127.0.0.1:56168
Begin MonoManager ReloadAssembly
Registering precompiled unity dll's ...
Register platform support module: C:/Program Files/Unity/Hub/Editor/2020.3.22f1/Editor/Data/PlaybackEngines/WebGLSupport/UnityEditor.WebGL.Extensions.dll
Register platform support module: C:/Program Files/Unity/Hub/Editor/2020.3.22f1/Editor/Data/PlaybackEngines/WindowsStandaloneSupport/UnityEditor.WindowsStandalone.Extensions.dll
Registered in 0.005259 seconds.
Native extension for WindowsStandalone target not found
Native extension for WebGL target not found
Refreshing native plugins compatible for Editor in 240.20 ms, found 2 plugins.
Preloading 0 native plugins for Editor in 0.00 ms.
Mono: successfully reloaded assembly
- Completed reload, in 10.300 seconds
Domain Reload Profiling:
	ReloadAssembly (10300ms)
		BeginReloadAssembly (170ms)
			ExecutionOrderSort (0ms)
			DisableScriptedObjects (0ms)
			BackupInstance (0ms)
			ReleaseScriptingObjects (0ms)
			CreateAndSetChildDomain (3ms)
		EndReloadAssembly (1576ms)
			LoadAssemblies (164ms)
			RebuildTransferFunctionScriptingTraits (0ms)
			SetupTypeCache (480ms)
			ReleaseScriptCaches (0ms)
			RebuildScriptCaches (104ms)
			SetupLoadedEditorAssemblies (671ms)
				LogAssemblyErrors (0ms)
				InitializePlatformSupportModulesInManaged (15ms)
				SetLoadedEditorAssemblies (1ms)
				RefreshPlugins (240ms)
				BeforeProcessingInitializeOnLoad (57ms)
				ProcessInitializeOnLoadAttributes (269ms)
				ProcessInitializeOnLoadMethodAttributes (88ms)
				AfterProcessingInitializeOnLoad (0ms)
				EditorAssembliesLoaded (1ms)
			ExecutionOrderSort2 (0ms)
			AwakeInstancesAfterBackupRestoration (0ms)
Platform modules already initialized, skipping
Registering precompiled user dll's ...
Registered in 0.014303 seconds.
Begin MonoManager ReloadAssembly
Native extension for WindowsStandalone target not found
Native extension for WebGL target not found
Refreshing native plugins compatible for Editor in 259.42 ms, found 2 plugins.
Preloading 0 native plugins for Editor in 0.00 ms.
Mono: successfully reloaded assembly
- Completed reload, in  4.123 seconds
Domain Reload Profiling:
	ReloadAssembly (4126ms)
		BeginReloadAssembly (472ms)
			ExecutionOrderSort (0ms)
			DisableScriptedObjects (15ms)
			BackupInstance (0ms)
			ReleaseScriptingObjects (0ms)
			CreateAndSetChildDomain (50ms)
		EndReloadAssembly (3435ms)
			LoadAssemblies (304ms)
			RebuildTransferFunctionScriptingTraits (0ms)
			SetupTypeCache (1098ms)
			ReleaseScriptCaches (1ms)
			RebuildScriptCaches (184ms)
			SetupLoadedEditorAssemblies (1416ms)
				LogAssemblyErrors (0ms)
				InitializePlatformSupportModulesInManaged (15ms)
				SetLoadedEditorAssemblies (1ms)
				RefreshPlugins (260ms)
				BeforeProcessingInitializeOnLoad (361ms)
				ProcessInitializeOnLoadAttributes (732ms)
				ProcessInitializeOnLoadMethodAttributes (29ms)
				AfterProcessingInitializeOnLoad (18ms)
				EditorAssembliesLoaded (1ms)
			ExecutionOrderSort2 (0ms)
			AwakeInstancesAfterBackupRestoration (17ms)
Platform modules already initialized, skipping
========================================================================
Worker process is ready to serve import requests
Launched and connected shader compiler UnityShaderCompiler.exe after 0.19 seconds
Refreshing native plugins compatible for Editor in 1.33 ms, found 2 plugins.
Preloading 0 native plugins for Editor in 0.00 ms.
Unloading 3484 Unused Serialized files (Serialized files now loaded: 0)
System memory in use before: 260.9 MB.
System memory in use after: 261.1 MB.

Unloading 37 unused Assets to reduce memory usage. Loaded Objects now: 3940.
Total: 10.507700 ms (FindLiveObjects: 0.910900 ms CreateObjectMapping: 0.386500 ms MarkObjects: 9.075300 ms  DeleteObjects: 0.131900 ms)

AssetImportParameters requested are different than current active one (requested -> active):
  custom:framework-win-MediaFoundation: 216162199b28c13a410421893ffa2e32 -> 
  custom:video-decoder-ogg-theora: a1e56fd34408186e4bbccfd4996cb3dc -> 
  custom:container-muxer-webm: aa71ff27fc2769a1b78a27578f13a17b -> 
  custom:container-demuxer-webm: 4f35f7cbe854078d1ac9338744f61a02 -> 
  custom:container-demuxer-ogg: 62fdf1f143b41e24485cea50d1cbac27 -> 
  custom:video-encoder-webm-vp8: eb34c28f22e8b96e1ab97ce403110664 -> 
  custom:video-decoder-webm-vp8: 9c59270c3fd7afecdb556c50c9e8de78 -> 
  custom:audio-decoder-ogg-vorbis: bf7c407c2cedff20999df2af8eb42d56 -> 
  custom:audio-encoder-webm-vorbis: bf7c407c2cedff20999df2af8eb42d56 -> 
========================================================================
Received Import Request.
  path: Assets/Animation/MenuCharacterAnimation/Dance/Idle.fbx
  artifactKey: Guid(19ca436ad9ef7f243b8d829c10099a7a) Importer(815301076,1909f56bfc062723c751e8b465ee728b)
Start importing Assets/Animation/MenuCharacterAnimation/Dance/Idle.fbx using Guid(19ca436ad9ef7f243b8d829c10099a7a) Importer(815301076,1909f56bfc062723c751e8b465ee728b)  -> (artifact id: '3e370e2f44b376c1d6928b263a948f05') in 0.147392 seconds 
  Import took 0.168452 seconds .

========================================================================
Received Prepare
Registering precompiled user dll's ...
Registered in 0.010470 seconds.
Begin MonoManager ReloadAssembly
Native extension for WindowsStandalone target not found
Native extension for WebGL target not found
Refreshing native plugins compatible for Editor in 2.04 ms, found 2 plugins.
Preloading 0 native plugins for Editor in 0.00 ms.
Mono: successfully reloaded assembly
- Completed reload, in  3.443 seconds
Domain Reload Profiling:
	ReloadAssembly (3444ms)
		BeginReloadAssembly (341ms)
			ExecutionOrderSort (0ms)
			DisableScriptedObjects (13ms)
			BackupInstance (0ms)
			ReleaseScriptingObjects (0ms)
			CreateAndSetChildDomain (106ms)
		EndReloadAssembly (2903ms)
			LoadAssemblies (293ms)
			RebuildTransferFunctionScriptingTraits (0ms)
			SetupTypeCache (1060ms)
			ReleaseScriptCaches (4ms)
			RebuildScriptCaches (140ms)
			SetupLoadedEditorAssemblies (1045ms)
				LogAssemblyErrors (0ms)
				InitializePlatformSupportModulesInManaged (16ms)
				SetLoadedEditorAssemblies (1ms)
				RefreshPlugins (2ms)
				BeforeProcessingInitializeOnLoad (308ms)
				ProcessInitializeOnLoadAttributes (674ms)
				ProcessInitializeOnLoadMethodAttributes (25ms)
				AfterProcessingInitializeOnLoad (18ms)
				EditorAssembliesLoaded (1ms)
			ExecutionOrderSort2 (0ms)
			AwakeInstancesAfterBackupRestoration (26ms)
Platform modules already initialized, skipping
Refreshing native plugins compatible for Editor in 2.13 ms, found 2 plugins.
Preloading 0 native plugins for Editor in 0.00 ms.
Unloading 3307 Unused Serialized files (Serialized files now loaded: 0)
System memory in use before: 247.0 MB.
System memory in use after: 247.2 MB.

Unloading 33 unused Assets to reduce memory usage. Loaded Objects now: 3942.
Total: 8.958600 ms (FindLiveObjects: 0.508500 ms CreateObjectMapping: 0.371400 ms MarkObjects: 8.011400 ms  DeleteObjects: 0.063900 ms)

AssetImportParameters requested are different than current active one (requested -> active):
  custom:framework-win-MediaFoundation: 216162199b28c13a410421893ffa2e32 -> 
  custom:video-decoder-ogg-theora: a1e56fd34408186e4bbccfd4996cb3dc -> 
  custom:container-muxer-webm: aa71ff27fc2769a1b78a27578f13a17b -> 
  custom:container-demuxer-webm: 4f35f7cbe854078d1ac9338744f61a02 -> 
  custom:container-demuxer-ogg: 62fdf1f143b41e24485cea50d1cbac27 -> 
  custom:video-encoder-webm-vp8: eb34c28f22e8b96e1ab97ce403110664 -> 
  custom:video-decoder-webm-vp8: 9c59270c3fd7afecdb556c50c9e8de78 -> 
  custom:audio-decoder-ogg-vorbis: bf7c407c2cedff20999df2af8eb42d56 -> 
  custom:audio-encoder-webm-vorbis: bf7c407c2cedff20999df2af8eb42d56 -> 
========================================================================
Received Import Request.
  Time since last request: 184.692080 seconds.
  path: Assets/Animation/MenuCharacterAnimation/Dance/Idle.fbx
  artifactKey: Guid(19ca436ad9ef7f243b8d829c10099a7a) Importer(815301076,1909f56bfc062723c751e8b465ee728b)
Start importing Assets/Animation/MenuCharacterAnimation/Dance/Idle.fbx using Guid(19ca436ad9ef7f243b8d829c10099a7a) Importer(815301076,1909f56bfc062723c751e8b465ee728b)  -> (artifact id: 'e83fdef17c764cc2176071d5f2e095b1') in 0.088462 seconds 
  Import took 0.104118 seconds .

========================================================================
Received Import Request.
  Time since last request: 0.000305 seconds.
  path: Assets/Animation/MenuCharacterAnimation/Dance/Jab Cross.fbx
  artifactKey: Guid(8a84b49a63013234b8944d6e1eaad311) Importer(815301076,1909f56bfc062723c751e8b465ee728b)
Start importing Assets/Animation/MenuCharacterAnimation/Dance/Jab Cross.fbx using Guid(8a84b49a63013234b8944d6e1eaad311) Importer(815301076,1909f56bfc062723c751e8b465ee728b)  -> (artifact id: '52a9d94ab1ea739103ae16d1e4fb151f') in 0.026862 seconds 
  Import took 0.043147 seconds .

========================================================================
Received Import Request.
  Time since last request: 15.938184 seconds.
  path: Assets/Animation/MenuCharacterAnimation/Dance/Idle.fbx
  artifactKey: Guid(19ca436ad9ef7f243b8d829c10099a7a) Importer(815301076,1909f56bfc062723c751e8b465ee728b)
Start importing Assets/Animation/MenuCharacterAnimation/Dance/Idle.fbx using Guid(19ca436ad9ef7f243b8d829c10099a7a) Importer(815301076,1909f56bfc062723c751e8b465ee728b)  -> (artifact id: 'd078c70823e252d5c307c6aa4ff43ab3') in 0.026282 seconds 
  Import took 0.045733 seconds .

========================================================================
Received Import Request.
  Time since last request: 2.162505 seconds.
  path: Assets/Animation/MenuCharacterAnimation/Dance/Idle.fbx
  artifactKey: Guid(19ca436ad9ef7f243b8d829c10099a7a) Importer(815301076,1909f56bfc062723c751e8b465ee728b)
Start importing Assets/Animation/MenuCharacterAnimation/Dance/Idle.fbx using Guid(19ca436ad9ef7f243b8d829c10099a7a) Importer(815301076,1909f56bfc062723c751e8b465ee728b)  -> (artifact id: '4c552a9f8101b0b84d90e7fbdc706d98') in 0.018069 seconds 
  Import took 0.034338 seconds .

========================================================================
Received Import Request.
  Time since last request: 2.227124 seconds.
  path: Assets/Animation/MenuCharacterAnimation/Dance/Idle.fbx
  artifactKey: Guid(19ca436ad9ef7f243b8d829c10099a7a) Importer(815301076,1909f56bfc062723c751e8b465ee728b)
Start importing Assets/Animation/MenuCharacterAnimation/Dance/Idle.fbx using Guid(19ca436ad9ef7f243b8d829c10099a7a) Importer(815301076,1909f56bfc062723c751e8b465ee728b)  -> (artifact id: 'd9b4b6633e778342ccab543d207f4553') in 0.031800 seconds 
  Import took 0.057768 seconds .

========================================================================
Received Import Request.
  Time since last request: 7.393444 seconds.
  path: Assets/Animation/MenuCharacterAnimation/Dance/Idle.fbx
  artifactKey: Guid(19ca436ad9ef7f243b8d829c10099a7a) Importer(815301076,1909f56bfc062723c751e8b465ee728b)
Start importing Assets/Animation/MenuCharacterAnimation/Dance/Idle.fbx using Guid(19ca436ad9ef7f243b8d829c10099a7a) Importer(815301076,1909f56bfc062723c751e8b465ee728b)  -> (artifact id: '208d4ab776135b954c7c05695545754e') in 0.025889 seconds 
  Import took 0.047643 seconds .

========================================================================
Received Import Request.
  Time since last request: 2.313404 seconds.
  path: Assets/Player/Character.fbx
  artifactKey: Guid(a42764cc1fbb6c64581165199143cdf4) Importer(815301076,1909f56bfc062723c751e8b465ee728b)
Start importing Assets/Player/Character.fbx using Guid(a42764cc1fbb6c64581165199143cdf4) Importer(815301076,1909f56bfc062723c751e8b465ee728b)  -> (artifact id: '112155ebbce7bbf9d3c48ccda5429917') in 1.220825 seconds 
  Import took 1.243425 seconds .

========================================================================
Received Import Request.
  Time since last request: 3.579935 seconds.
  path: Assets/Animation/MenuCharacterAnimation/Dance/Idle.fbx
  artifactKey: Guid(19ca436ad9ef7f243b8d829c10099a7a) Importer(815301076,1909f56bfc062723c751e8b465ee728b)
Start importing Assets/Animation/MenuCharacterAnimation/Dance/Idle.fbx using Guid(19ca436ad9ef7f243b8d829c10099a7a) Importer(815301076,1909f56bfc062723c751e8b465ee728b)  -> (artifact id: 'fc9125b42eaf9ce88aa52435222aff6a') in 0.018934 seconds 
  Import took 0.042082 seconds .

========================================================================
Received Import Request.
  Time since last request: 81.255690 seconds.
  path: Assets/Jab Cross.fbx
  artifactKey: Guid(3f3d5ecb6ab1863458e7d21c00550a5d) Importer(815301076,1909f56bfc062723c751e8b465ee728b)
Start importing Assets/Jab Cross.fbx using Guid(3f3d5ecb6ab1863458e7d21c00550a5d) Importer(815301076,1909f56bfc062723c751e8b465ee728b)  -> (artifact id: '270b8bb3f4bd5544b188401ca786aa81') in 0.022662 seconds 
  Import took 0.041196 seconds .

========================================================================
Received Import Request.
  Time since last request: 1.545199 seconds.
  path: Assets/Idle.fbx
  artifactKey: Guid(474c149ad24b72242be47dfbf1337ed8) Importer(815301076,1909f56bfc062723c751e8b465ee728b)
Start importing Assets/Idle.fbx using Guid(474c149ad24b72242be47dfbf1337ed8) Importer(815301076,1909f56bfc062723c751e8b465ee728b)  -> (artifact id: 'e143b2504d9a3aeacbfd60f6d1ac7184') in 0.017879 seconds 
  Import took 0.033136 seconds .

========================================================================
Received Import Request.
  Time since last request: 4.329352 seconds.
  path: Assets/Idle.fbx
  artifactKey: Guid(474c149ad24b72242be47dfbf1337ed8) Importer(815301076,1909f56bfc062723c751e8b465ee728b)
Start importing Assets/Idle.fbx using Guid(474c149ad24b72242be47dfbf1337ed8) Importer(815301076,1909f56bfc062723c751e8b465ee728b)  -> (artifact id: 'a063f4b65338da7232b0fc03b1476a61') in 0.023788 seconds 
  Import took 0.042413 seconds .

========================================================================
Received Import Request.
  Time since last request: 13.916283 seconds.
  path: Assets/Jab Cross.fbx
  artifactKey: Guid(3f3d5ecb6ab1863458e7d21c00550a5d) Importer(815301076,1909f56bfc062723c751e8b465ee728b)
Start importing Assets/Jab Cross.fbx using Guid(3f3d5ecb6ab1863458e7d21c00550a5d) Importer(815301076,1909f56bfc062723c751e8b465ee728b)  -> (artifact id: '20f24bfd6ff1c32248ae21a17624494c') in 0.018274 seconds 
  Import took 0.032282 seconds .

========================================================================
Received Import Request.
  Time since last request: 60.570496 seconds.
  path: Assets/Player/Timmy.fbx
  artifactKey: Guid(cd330179b8fa6c848852c3fa158e68d9) Importer(815301076,1909f56bfc062723c751e8b465ee728b)
Start importing Assets/Player/Timmy.fbx using Guid(cd330179b8fa6c848852c3fa158e68d9) Importer(815301076,1909f56bfc062723c751e8b465ee728b)  -> (artifact id: 'f91c1af71c9229a95186f49d14d88b48') in 0.141529 seconds 
  Import took 0.160481 seconds .

========================================================================
Received Import Request.
  Time since last request: 80.993245 seconds.
  path: Assets/Jab Cross.fbx
  artifactKey: Guid(3f3d5ecb6ab1863458e7d21c00550a5d) Importer(815301076,1909f56bfc062723c751e8b465ee728b)
Start importing Assets/Jab Cross.fbx using Guid(3f3d5ecb6ab1863458e7d21c00550a5d) Importer(815301076,1909f56bfc062723c751e8b465ee728b)  -> (artifact id: '77e425652d3c28fe000c84ceb0e36d62') in 0.023060 seconds 
  Import took 0.043046 seconds .

========================================================================
Received Import Request.
  Time since last request: 14.176434 seconds.
  path: Assets/Idle.fbx
  artifactKey: Guid(474c149ad24b72242be47dfbf1337ed8) Importer(815301076,1909f56bfc062723c751e8b465ee728b)
Start importing Assets/Idle.fbx using Guid(474c149ad24b72242be47dfbf1337ed8) Importer(815301076,1909f56bfc062723c751e8b465ee728b)  -> (artifact id: 'b842a1d377afad7a6953912bc0593227') in 0.017927 seconds 
  Import took 0.036935 seconds .

========================================================================
Received Import Request.
  Time since last request: 23.731144 seconds.
  path: Assets/Idle.fbx
  artifactKey: Guid(474c149ad24b72242be47dfbf1337ed8) Importer(815301076,1909f56bfc062723c751e8b465ee728b)
Start importing Assets/Idle.fbx using Guid(474c149ad24b72242be47dfbf1337ed8) Importer(815301076,1909f56bfc062723c751e8b465ee728b)  -> (artifact id: '91bb67251b1b86e38842b0bb3127ed92') in 0.016724 seconds 
  Import took 0.035269 seconds .

========================================================================
Received Import Request.
  Time since last request: 14.729638 seconds.
  path: Assets/Idle.fbx
  artifactKey: Guid(474c149ad24b72242be47dfbf1337ed8) Importer(815301076,1909f56bfc062723c751e8b465ee728b)
Start importing Assets/Idle.fbx using Guid(474c149ad24b72242be47dfbf1337ed8) Importer(815301076,1909f56bfc062723c751e8b465ee728b)  -> (artifact id: '874d1bdba6acdcdfd460e693787a066a') in 0.024426 seconds 
  Import took 0.043354 seconds .

========================================================================
Received Prepare
Registering precompiled user dll's ...
Registered in 0.010457 seconds.
Begin MonoManager ReloadAssembly
Native extension for WindowsStandalone target not found
Native extension for WebGL target not found
Refreshing native plugins compatible for Editor in 2.20 ms, found 2 plugins.
Preloading 0 native plugins for Editor in 0.00 ms.
Mono: successfully reloaded assembly
- Completed reload, in  3.742 seconds
Domain Reload Profiling:
	ReloadAssembly (3743ms)
		BeginReloadAssembly (395ms)
			ExecutionOrderSort (0ms)
			DisableScriptedObjects (22ms)
			BackupInstance (0ms)
			ReleaseScriptingObjects (0ms)
			CreateAndSetChildDomain (112ms)
		EndReloadAssembly (3154ms)
			LoadAssemblies (300ms)
			RebuildTransferFunctionScriptingTraits (0ms)
			SetupTypeCache (1060ms)
			ReleaseScriptCaches (3ms)
			RebuildScriptCaches (141ms)
			SetupLoadedEditorAssemblies (1169ms)
				LogAssemblyErrors (0ms)
				InitializePlatformSupportModulesInManaged (16ms)
				SetLoadedEditorAssemblies (1ms)
				RefreshPlugins (2ms)
				BeforeProcessingInitializeOnLoad (301ms)
				ProcessInitializeOnLoadAttributes (796ms)
				ProcessInitializeOnLoadMethodAttributes (35ms)
				AfterProcessingInitializeOnLoad (16ms)
				EditorAssembliesLoaded (1ms)
			ExecutionOrderSort2 (0ms)
			AwakeInstancesAfterBackupRestoration (59ms)
Platform modules already initialized, skipping
Refreshing native plugins compatible for Editor in 2.04 ms, found 2 plugins.
Preloading 0 native plugins for Editor in 0.00 ms.
Unloading 3307 Unused Serialized files (Serialized files now loaded: 0)
System memory in use before: 266.3 MB.
System memory in use after: 266.5 MB.

Unloading 33 unused Assets to reduce memory usage. Loaded Objects now: 4026.
Total: 9.630200 ms (FindLiveObjects: 0.555800 ms CreateObjectMapping: 0.260300 ms MarkObjects: 8.730600 ms  DeleteObjects: 0.080900 ms)

AssetImportParameters requested are different than current active one (requested -> active):
  custom:framework-win-MediaFoundation: 216162199b28c13a410421893ffa2e32 -> 
  custom:video-decoder-ogg-theora: a1e56fd34408186e4bbccfd4996cb3dc -> 
  custom:container-muxer-webm: aa71ff27fc2769a1b78a27578f13a17b -> 
  custom:container-demuxer-webm: 4f35f7cbe854078d1ac9338744f61a02 -> 
  custom:container-demuxer-ogg: 62fdf1f143b41e24485cea50d1cbac27 -> 
  custom:video-encoder-webm-vp8: eb34c28f22e8b96e1ab97ce403110664 -> 
  custom:video-decoder-webm-vp8: 9c59270c3fd7afecdb556c50c9e8de78 -> 
  custom:audio-decoder-ogg-vorbis: bf7c407c2cedff20999df2af8eb42d56 -> 
  custom:audio-encoder-webm-vorbis: bf7c407c2cedff20999df2af8eb42d56 -> 
========================================================================
Received Import Request.
  Time since last request: 44.801988 seconds.
  path: Assets/Jab Cross.fbx
  artifactKey: Guid(3f3d5ecb6ab1863458e7d21c00550a5d) Importer(815301076,1909f56bfc062723c751e8b465ee728b)
Start importing Assets/Jab Cross.fbx using Guid(3f3d5ecb6ab1863458e7d21c00550a5d) Importer(815301076,1909f56bfc062723c751e8b465ee728b)  -> (artifact id: 'c42b3f3e7df179401212a8c36a077462') in 0.090775 seconds 
  Import took 0.109781 seconds .

========================================================================
Received Prepare
Registering precompiled user dll's ...
Registered in 0.009922 seconds.
Begin MonoManager ReloadAssembly
Native extension for WindowsStandalone target not found
Native extension for WebGL target not found
Refreshing native plugins compatible for Editor in 1.80 ms, found 2 plugins.
Preloading 0 native plugins for Editor in 0.00 ms.
Mono: successfully reloaded assembly
- Completed reload, in  3.715 seconds
Domain Reload Profiling:
	ReloadAssembly (3716ms)
		BeginReloadAssembly (367ms)
			ExecutionOrderSort (0ms)
			DisableScriptedObjects (15ms)
			BackupInstance (0ms)
			ReleaseScriptingObjects (0ms)
			CreateAndSetChildDomain (108ms)
		EndReloadAssembly (3122ms)
			LoadAssemblies (323ms)
			RebuildTransferFunctionScriptingTraits (0ms)
			SetupTypeCache (1179ms)
			ReleaseScriptCaches (5ms)
			RebuildScriptCaches (144ms)
			SetupLoadedEditorAssemblies (1039ms)
				LogAssemblyErrors (0ms)
				InitializePlatformSupportModulesInManaged (18ms)
				SetLoadedEditorAssemblies (1ms)
				RefreshPlugins (2ms)
				BeforeProcessingInitializeOnLoad (292ms)
				ProcessInitializeOnLoadAttributes (679ms)
				ProcessInitializeOnLoadMethodAttributes (27ms)
				AfterProcessingInitializeOnLoad (20ms)
				EditorAssembliesLoaded (1ms)
			ExecutionOrderSort2 (0ms)
			AwakeInstancesAfterBackupRestoration (51ms)
Platform modules already initialized, skipping
Refreshing native plugins compatible for Editor in 1.94 ms, found 2 plugins.
Preloading 0 native plugins for Editor in 0.00 ms.
Unloading 3307 Unused Serialized files (Serialized files now loaded: 0)
System memory in use before: 266.3 MB.
System memory in use after: 266.5 MB.

Unloading 33 unused Assets to reduce memory usage. Loaded Objects now: 4028.
Total: 9.060800 ms (FindLiveObjects: 0.854200 ms CreateObjectMapping: 0.304300 ms MarkObjects: 7.815200 ms  DeleteObjects: 0.084200 ms)

AssetImportParameters requested are different than current active one (requested -> active):
  custom:framework-win-MediaFoundation: 216162199b28c13a410421893ffa2e32 -> 
  custom:video-decoder-ogg-theora: a1e56fd34408186e4bbccfd4996cb3dc -> 
  custom:container-muxer-webm: aa71ff27fc2769a1b78a27578f13a17b -> 
  custom:container-demuxer-webm: 4f35f7cbe854078d1ac9338744f61a02 -> 
  custom:container-demuxer-ogg: 62fdf1f143b41e24485cea50d1cbac27 -> 
  custom:video-encoder-webm-vp8: eb34c28f22e8b96e1ab97ce403110664 -> 
  custom:video-decoder-webm-vp8: 9c59270c3fd7afecdb556c50c9e8de78 -> 
  custom:audio-decoder-ogg-vorbis: bf7c407c2cedff20999df2af8eb42d56 -> 
  custom:audio-encoder-webm-vorbis: bf7c407c2cedff20999df2af8eb42d56 -> 
========================================================================
Received Import Request.
  Time since last request: 15.079781 seconds.
  path: Assets/Jab Cross.fbx
  artifactKey: Guid(3f3d5ecb6ab1863458e7d21c00550a5d) Importer(815301076,1909f56bfc062723c751e8b465ee728b)
Start importing Assets/Jab Cross.fbx using Guid(3f3d5ecb6ab1863458e7d21c00550a5d) Importer(815301076,1909f56bfc062723c751e8b465ee728b)  -> (artifact id: 'c9f1ac0e87e9d06e8c910f22e8bcf854') in 0.091458 seconds 
  Import took 0.108427 seconds .

========================================================================
Received Import Request.
  Time since last request: 344.650537 seconds.
  path: Assets/Animation/MenuCharacterAnimation/Dance/Idle.fbx
  artifactKey: Guid(474c149ad24b72242be47dfbf1337ed8) Importer(815301076,1909f56bfc062723c751e8b465ee728b)
Start importing Assets/Animation/MenuCharacterAnimation/Dance/Idle.fbx using Guid(474c149ad24b72242be47dfbf1337ed8) Importer(815301076,1909f56bfc062723c751e8b465ee728b)  -> (artifact id: '8eef20b345e7e44f2a9579eee0046793') in 0.019855 seconds 
  Import took 0.036114 seconds .

========================================================================
Received Import Request.
  Time since last request: 7.394103 seconds.
  path: Assets/Animation/MenuCharacterAnimation/Dance/Idle.fbx
  artifactKey: Guid(474c149ad24b72242be47dfbf1337ed8) Importer(815301076,1909f56bfc062723c751e8b465ee728b)
Start importing Assets/Animation/MenuCharacterAnimation/Dance/Idle.fbx using Guid(474c149ad24b72242be47dfbf1337ed8) Importer(815301076,1909f56bfc062723c751e8b465ee728b)  -> (artifact id: 'c80f064d8e6d67c42a6af5724285b722') in 0.017773 seconds 
  Import took 0.034490 seconds .

========================================================================
Received Import Request.
  Time since last request: 31.091306 seconds.
  path: Assets/Animation/MenuCharacterAnimation/Dance/Idle.fbx
  artifactKey: Guid(474c149ad24b72242be47dfbf1337ed8) Importer(815301076,1909f56bfc062723c751e8b465ee728b)
Start importing Assets/Animation/MenuCharacterAnimation/Dance/Idle.fbx using Guid(474c149ad24b72242be47dfbf1337ed8) Importer(815301076,1909f56bfc062723c751e8b465ee728b)  -> (artifact id: 'c0c164188e2f3015304e30f90b961aab') in 0.016848 seconds 
  Import took 0.034975 seconds .

========================================================================
Received Import Request.
  Time since last request: 132.371432 seconds.
  path: Assets/Animation/MenuCharacterAnimation/Dance/Idle.fbx
  artifactKey: Guid(474c149ad24b72242be47dfbf1337ed8) Importer(815301076,1909f56bfc062723c751e8b465ee728b)
Start importing Assets/Animation/MenuCharacterAnimation/Dance/Idle.fbx using Guid(474c149ad24b72242be47dfbf1337ed8) Importer(815301076,1909f56bfc062723c751e8b465ee728b)  -> (artifact id: '1d5dba0ce030f4c3ea3dcdbb0b20cb66') in 0.023021 seconds 
  Import took 0.040298 seconds .

========================================================================
Received Import Request.
  Time since last request: 8.359485 seconds.
  path: Assets/Animation/MenuCharacterAnimation/Dance/Idle.fbx
  artifactKey: Guid(474c149ad24b72242be47dfbf1337ed8) Importer(815301076,1909f56bfc062723c751e8b465ee728b)
Start importing Assets/Animation/MenuCharacterAnimation/Dance/Idle.fbx using Guid(474c149ad24b72242be47dfbf1337ed8) Importer(815301076,1909f56bfc062723c751e8b465ee728b)  -> (artifact id: '7e492d72fde1c74075e46f13e1774cb0') in 0.019662 seconds 
  Import took 0.038187 seconds .

========================================================================
Received Import Request.
  Time since last request: 27.416280 seconds.
  path: Assets/Animation/MenuCharacterAnimation/Dance/Idle.fbx
  artifactKey: Guid(474c149ad24b72242be47dfbf1337ed8) Importer(815301076,1909f56bfc062723c751e8b465ee728b)
Start importing Assets/Animation/MenuCharacterAnimation/Dance/Idle.fbx using Guid(474c149ad24b72242be47dfbf1337ed8) Importer(815301076,1909f56bfc062723c751e8b465ee728b)  -> (artifact id: '6291390ed7cfd5d0cc1dbd19012627da') in 0.022244 seconds 
  Import took 0.041335 seconds .

========================================================================
Received Import Request.
  Time since last request: 29.896904 seconds.
  path: Assets/Animation/MenuCharacterAnimation/Dance/Idle.fbx
  artifactKey: Guid(474c149ad24b72242be47dfbf1337ed8) Importer(815301076,1909f56bfc062723c751e8b465ee728b)
Start importing Assets/Animation/MenuCharacterAnimation/Dance/Idle.fbx using Guid(474c149ad24b72242be47dfbf1337ed8) Importer(815301076,1909f56bfc062723c751e8b465ee728b)  -> (artifact id: 'ef395629507fe84ddba0b8bdd474ef9c') in 0.024566 seconds 
  Import took 0.041166 seconds .

========================================================================
Received Import Request.
  Time since last request: 58.772457 seconds.
  path: Assets/Animation/MenuCharacterAnimation/Dance/Idle 1.fbx
  artifactKey: Guid(6cbb643436701714db1b5f930a1325b7) Importer(815301076,1909f56bfc062723c751e8b465ee728b)
Start importing Assets/Animation/MenuCharacterAnimation/Dance/Idle 1.fbx using Guid(6cbb643436701714db1b5f930a1325b7) Importer(815301076,1909f56bfc062723c751e8b465ee728b)  -> (artifact id: '8797023c53be9919b0820dd0b1f34248') in 0.032043 seconds 
  Import took 0.051056 seconds .

========================================================================
Received Import Request.
  Time since last request: 17.084426 seconds.
  path: Assets/Animation/MenuCharacterAnimation/Dance/Idle 1.fbx
  artifactKey: Guid(6cbb643436701714db1b5f930a1325b7) Importer(815301076,1909f56bfc062723c751e8b465ee728b)
Start importing Assets/Animation/MenuCharacterAnimation/Dance/Idle 1.fbx using Guid(6cbb643436701714db1b5f930a1325b7) Importer(815301076,1909f56bfc062723c751e8b465ee728b)  -> (artifact id: 'c415cdbd45ba50de26c3d7b9362d4064') in 0.017851 seconds 
  Import took 0.036049 seconds .

========================================================================
Received Import Request.
  Time since last request: 20.930506 seconds.
  path: Assets/Animation/MenuCharacterAnimation/Dance/Ch09_nonPBR@Idle 1.fbx
  artifactKey: Guid(8d80b1027e490bf45a9e61ac7fc44c09) Importer(815301076,1909f56bfc062723c751e8b465ee728b)
Start importing Assets/Animation/MenuCharacterAnimation/Dance/Ch09_nonPBR@Idle 1.fbx using Guid(8d80b1027e490bf45a9e61ac7fc44c09) Importer(815301076,1909f56bfc062723c751e8b465ee728b)  -> (artifact id: '77e3f70ef8682ac917987727a67ad560') in 0.035668 seconds 
  Import took 0.055101 seconds .

========================================================================
Received Import Request.
  Time since last request: 10.526007 seconds.
  path: Assets/Animation/MenuCharacterAnimation/Dance/Ch09_nonPBR@Idle 1.fbx
  artifactKey: Guid(8d80b1027e490bf45a9e61ac7fc44c09) Importer(815301076,1909f56bfc062723c751e8b465ee728b)
Start importing Assets/Animation/MenuCharacterAnimation/Dance/Ch09_nonPBR@Idle 1.fbx using Guid(8d80b1027e490bf45a9e61ac7fc44c09) Importer(815301076,1909f56bfc062723c751e8b465ee728b)  -> (artifact id: 'a9c069970f2a324d1704310c56ab69c2') in 0.023680 seconds 
  Import took 0.041713 seconds .

========================================================================
Received Prepare
Registering precompiled user dll's ...
Registered in 0.011722 seconds.
Begin MonoManager ReloadAssembly
Native extension for WindowsStandalone target not found
Native extension for WebGL target not found
Refreshing native plugins compatible for Editor in 2.05 ms, found 2 plugins.
Preloading 0 native plugins for Editor in 0.00 ms.
Mono: successfully reloaded assembly
- Completed reload, in  3.557 seconds
Domain Reload Profiling:
	ReloadAssembly (3559ms)
		BeginReloadAssembly (376ms)
			ExecutionOrderSort (0ms)
			DisableScriptedObjects (20ms)
			BackupInstance (0ms)
			ReleaseScriptingObjects (0ms)
			CreateAndSetChildDomain (114ms)
		EndReloadAssembly (2979ms)
			LoadAssemblies (306ms)
			RebuildTransferFunctionScriptingTraits (0ms)
			SetupTypeCache (1027ms)
			ReleaseScriptCaches (4ms)
			RebuildScriptCaches (137ms)
			SetupLoadedEditorAssemblies (1075ms)
				LogAssemblyErrors (0ms)
				InitializePlatformSupportModulesInManaged (18ms)
				SetLoadedEditorAssemblies (2ms)
				RefreshPlugins (2ms)
				BeforeProcessingInitializeOnLoad (318ms)
				ProcessInitializeOnLoadAttributes (688ms)
				ProcessInitializeOnLoadMethodAttributes (29ms)
				AfterProcessingInitializeOnLoad (18ms)
				EditorAssembliesLoaded (1ms)
			ExecutionOrderSort2 (0ms)
			AwakeInstancesAfterBackupRestoration (45ms)
Platform modules already initialized, skipping
Refreshing native plugins compatible for Editor in 2.04 ms, found 2 plugins.
Preloading 0 native plugins for Editor in 0.00 ms.
Unloading 3307 Unused Serialized files (Serialized files now loaded: 0)
System memory in use before: 266.8 MB.
System memory in use after: 267.1 MB.

Unloading 33 unused Assets to reduce memory usage. Loaded Objects now: 4030.
Total: 10.071000 ms (FindLiveObjects: 0.634000 ms CreateObjectMapping: 0.317300 ms MarkObjects: 9.022200 ms  DeleteObjects: 0.094500 ms)

AssetImportParameters requested are different than current active one (requested -> active):
  custom:framework-win-MediaFoundation: 216162199b28c13a410421893ffa2e32 -> 
  custom:video-decoder-ogg-theora: a1e56fd34408186e4bbccfd4996cb3dc -> 
  custom:container-muxer-webm: aa71ff27fc2769a1b78a27578f13a17b -> 
  custom:container-demuxer-webm: 4f35f7cbe854078d1ac9338744f61a02 -> 
  custom:container-demuxer-ogg: 62fdf1f143b41e24485cea50d1cbac27 -> 
  custom:video-encoder-webm-vp8: eb34c28f22e8b96e1ab97ce403110664 -> 
  custom:video-decoder-webm-vp8: 9c59270c3fd7afecdb556c50c9e8de78 -> 
  custom:audio-decoder-ogg-vorbis: bf7c407c2cedff20999df2af8eb42d56 -> 
  custom:audio-encoder-webm-vorbis: bf7c407c2cedff20999df2af8eb42d56 -> 
========================================================================
Received Import Request.
  Time since last request: 84.594958 seconds.
  path: Assets/Animation/MenuCharacterAnimation/Dance/Idle.fbx
  artifactKey: Guid(474c149ad24b72242be47dfbf1337ed8) Importer(815301076,1909f56bfc062723c751e8b465ee728b)
Start importing Assets/Animation/MenuCharacterAnimation/Dance/Idle.fbx using Guid(474c149ad24b72242be47dfbf1337ed8) Importer(815301076,1909f56bfc062723c751e8b465ee728b)  -> (artifact id: '4b6869df0ccb45287814ea95bc20a5af') in 0.091450 seconds 
  Import took 0.108933 seconds .

========================================================================
Received Import Request.
  Time since last request: 1.717224 seconds.
  path: Assets/Animation/MenuCharacterAnimation/Dance/Idle.fbx
  artifactKey: Guid(474c149ad24b72242be47dfbf1337ed8) Importer(815301076,1909f56bfc062723c751e8b465ee728b)
Start importing Assets/Animation/MenuCharacterAnimation/Dance/Idle.fbx using Guid(474c149ad24b72242be47dfbf1337ed8) Importer(815301076,1909f56bfc062723c751e8b465ee728b)  -> (artifact id: '7b605878c312177fa7387e25f01d4b45') in 0.017847 seconds 
  Import took 0.034716 seconds .

========================================================================
Received Prepare
Registering precompiled user dll's ...
Registered in 0.011740 seconds.
Begin MonoManager ReloadAssembly
Native extension for WindowsStandalone target not found
Native extension for WebGL target not found
Refreshing native plugins compatible for Editor in 2.10 ms, found 2 plugins.
Preloading 0 native plugins for Editor in 0.00 ms.
Mono: successfully reloaded assembly
- Completed reload, in  3.465 seconds
Domain Reload Profiling:
	ReloadAssembly (3467ms)
		BeginReloadAssembly (317ms)
			ExecutionOrderSort (0ms)
			DisableScriptedObjects (14ms)
			BackupInstance (0ms)
			ReleaseScriptingObjects (0ms)
			CreateAndSetChildDomain (97ms)
		EndReloadAssembly (2946ms)
			LoadAssemblies (280ms)
			RebuildTransferFunctionScriptingTraits (0ms)
			SetupTypeCache (1010ms)
			ReleaseScriptCaches (3ms)
			RebuildScriptCaches (139ms)
			SetupLoadedEditorAssemblies (1061ms)
				LogAssemblyErrors (0ms)
				InitializePlatformSupportModulesInManaged (18ms)
				SetLoadedEditorAssemblies (1ms)
				RefreshPlugins (2ms)
				BeforeProcessingInitializeOnLoad (304ms)
				ProcessInitializeOnLoadAttributes (690ms)
				ProcessInitializeOnLoadMethodAttributes (26ms)
				AfterProcessingInitializeOnLoad (19ms)
				EditorAssembliesLoaded (1ms)
			ExecutionOrderSort2 (0ms)
			AwakeInstancesAfterBackupRestoration (42ms)
Platform modules already initialized, skipping
Refreshing native plugins compatible for Editor in 2.02 ms, found 2 plugins.
Preloading 0 native plugins for Editor in 0.00 ms.
Unloading 3307 Unused Serialized files (Serialized files now loaded: 0)
System memory in use before: 266.9 MB.
System memory in use after: 267.1 MB.

Unloading 33 unused Assets to reduce memory usage. Loaded Objects now: 4032.
Total: 7.953200 ms (FindLiveObjects: 0.886600 ms CreateObjectMapping: 0.316800 ms MarkObjects: 6.652100 ms  DeleteObjects: 0.095000 ms)

AssetImportParameters requested are different than current active one (requested -> active):
  custom:framework-win-MediaFoundation: 216162199b28c13a410421893ffa2e32 -> 
  custom:video-decoder-ogg-theora: a1e56fd34408186e4bbccfd4996cb3dc -> 
  custom:container-muxer-webm: aa71ff27fc2769a1b78a27578f13a17b -> 
  custom:container-demuxer-webm: 4f35f7cbe854078d1ac9338744f61a02 -> 
  custom:container-demuxer-ogg: 62fdf1f143b41e24485cea50d1cbac27 -> 
  custom:video-encoder-webm-vp8: eb34c28f22e8b96e1ab97ce403110664 -> 
  custom:video-decoder-webm-vp8: 9c59270c3fd7afecdb556c50c9e8de78 -> 
  custom:audio-decoder-ogg-vorbis: bf7c407c2cedff20999df2af8eb42d56 -> 
  custom:audio-encoder-webm-vorbis: bf7c407c2cedff20999df2af8eb42d56 -> 
========================================================================
Received Import Request.
  Time since last request: 196.138438 seconds.
  path: Assets/Animation/MenuCharacterAnimation/Dance/breakdance 1990 (2).fbx
  artifactKey: Guid(ebf6c93b0ca8d434a82cb22860b736e6) Importer(815301076,1909f56bfc062723c751e8b465ee728b)
Start importing Assets/Animation/MenuCharacterAnimation/Dance/breakdance 1990 (2).fbx using Guid(ebf6c93b0ca8d434a82cb22860b736e6) Importer(815301076,1909f56bfc062723c751e8b465ee728b)  -> (artifact id: 'edc7523c91a39639573dcc5f60e39bde') in 0.098739 seconds 
  Import took 0.113646 seconds .

========================================================================
Received Import Request.
  Time since last request: 0.000430 seconds.
  path: Assets/Animation/MenuCharacterAnimation/Dance/breakdance ready (3).fbx
  artifactKey: Guid(6f22876251fd0264e8199dd0d868a47b) Importer(815301076,1909f56bfc062723c751e8b465ee728b)
Start importing Assets/Animation/MenuCharacterAnimation/Dance/breakdance ready (3).fbx using Guid(6f22876251fd0264e8199dd0d868a47b) Importer(815301076,1909f56bfc062723c751e8b465ee728b)  -> (artifact id: '7dadb337614fd4b711ab6bb4a51520f4') in 0.032735 seconds 
  Import took 0.049777 seconds .

========================================================================
Received Import Request.
  Time since last request: 10.451309 seconds.
  path: Assets/Animation/MenuCharacterAnimation/Dance/breakdance ready (3).fbx
  artifactKey: Guid(6f22876251fd0264e8199dd0d868a47b) Importer(815301076,1909f56bfc062723c751e8b465ee728b)
Start importing Assets/Animation/MenuCharacterAnimation/Dance/breakdance ready (3).fbx using Guid(6f22876251fd0264e8199dd0d868a47b) Importer(815301076,1909f56bfc062723c751e8b465ee728b)  -> (artifact id: '327a20ecc0db4b109c3f47de4ae53faa') in 0.020447 seconds 
  Import took 0.038924 seconds .

========================================================================
Received Import Request.
  Time since last request: 6.667726 seconds.
  path: Assets/Animation/MenuCharacterAnimation/Dance/Idle.fbx
  artifactKey: Guid(867a98e2b01a5774e9739c701252d63e) Importer(815301076,1909f56bfc062723c751e8b465ee728b)
Start importing Assets/Animation/MenuCharacterAnimation/Dance/Idle.fbx using Guid(867a98e2b01a5774e9739c701252d63e) Importer(815301076,1909f56bfc062723c751e8b465ee728b)  -> (artifact id: 'c6ece452dc4f2123a1a1742a88e4e504') in 0.024132 seconds 
  Import took 0.042380 seconds .

========================================================================
Received Import Request.
  Time since last request: 1.751372 seconds.
  path: Assets/Animation/MenuCharacterAnimation/Dance/crossleg freeze.fbx
  artifactKey: Guid(3f4c035c8ec44384cac222a311fa9ba2) Importer(815301076,1909f56bfc062723c751e8b465ee728b)
Start importing Assets/Animation/MenuCharacterAnimation/Dance/crossleg freeze.fbx using Guid(3f4c035c8ec44384cac222a311fa9ba2) Importer(815301076,1909f56bfc062723c751e8b465ee728b)  -> (artifact id: 'e4bd14a9a1262c55c59975d04d9e176d') in 0.034659 seconds 
  Import took 0.051946 seconds .

========================================================================
Received Import Request.
  Time since last request: 1.964758 seconds.
  path: Assets/Animation/MenuCharacterAnimation/Dance/flair.fbx
  artifactKey: Guid(7ade12e0663defc47acc5864875e672a) Importer(815301076,1909f56bfc062723c751e8b465ee728b)
Start importing Assets/Animation/MenuCharacterAnimation/Dance/flair.fbx using Guid(7ade12e0663defc47acc5864875e672a) Importer(815301076,1909f56bfc062723c751e8b465ee728b)  -> (artifact id: 'bc6bf05370371c92e47a5ce316434c09') in 0.034558 seconds 
  Import took 0.049781 seconds .

========================================================================
Received Import Request.
  Time since last request: 0.876485 seconds.
  path: Assets/Animation/MenuCharacterAnimation/Dance/flair (2).fbx
  artifactKey: Guid(5dd0f39ed8bdafd44970bc61b0fb9c31) Importer(815301076,1909f56bfc062723c751e8b465ee728b)
Start importing Assets/Animation/MenuCharacterAnimation/Dance/flair (2).fbx using Guid(5dd0f39ed8bdafd44970bc61b0fb9c31) Importer(815301076,1909f56bfc062723c751e8b465ee728b)  -> (artifact id: '8c816d2ebf2251cc1870a194f483487c') in 0.034672 seconds 
  Import took 0.052644 seconds .

========================================================================
Received Import Request.
  Time since last request: 7.733579 seconds.
  path: Assets/Animation/MenuCharacterAnimation/Dance/flair (2).fbx
  artifactKey: Guid(5dd0f39ed8bdafd44970bc61b0fb9c31) Importer(815301076,1909f56bfc062723c751e8b465ee728b)
Start importing Assets/Animation/MenuCharacterAnimation/Dance/flair (2).fbx using Guid(5dd0f39ed8bdafd44970bc61b0fb9c31) Importer(815301076,1909f56bfc062723c751e8b465ee728b)  -> (artifact id: '4fa00094a9509f1bc90e4ad987e3a35c') in 0.023305 seconds 
  Import took 0.041841 seconds .

========================================================================
Received Prepare
Registering precompiled user dll's ...
Registered in 0.009514 seconds.
Begin MonoManager ReloadAssembly
Native extension for WindowsStandalone target not found
Native extension for WebGL target not found
Refreshing native plugins compatible for Editor in 2.21 ms, found 2 plugins.
Preloading 0 native plugins for Editor in 0.00 ms.
Mono: successfully reloaded assembly
- Completed reload, in  3.330 seconds
Domain Reload Profiling:
	ReloadAssembly (3332ms)
		BeginReloadAssembly (348ms)
			ExecutionOrderSort (0ms)
			DisableScriptedObjects (16ms)
			BackupInstance (0ms)
			ReleaseScriptingObjects (0ms)
			CreateAndSetChildDomain (107ms)
		EndReloadAssembly (2779ms)
			LoadAssemblies (289ms)
			RebuildTransferFunctionScriptingTraits (0ms)
			SetupTypeCache (1035ms)
			ReleaseScriptCaches (4ms)
			RebuildScriptCaches (148ms)
			SetupLoadedEditorAssemblies (874ms)
				LogAssemblyErrors (0ms)
				InitializePlatformSupportModulesInManaged (17ms)
				SetLoadedEditorAssemblies (1ms)
				RefreshPlugins (2ms)
				BeforeProcessingInitializeOnLoad (296ms)
				ProcessInitializeOnLoadAttributes (527ms)
				ProcessInitializeOnLoadMethodAttributes (22ms)
				AfterProcessingInitializeOnLoad (8ms)
				EditorAssembliesLoaded (0ms)
			ExecutionOrderSort2 (0ms)
			AwakeInstancesAfterBackupRestoration (37ms)
Platform modules already initialized, skipping
Refreshing native plugins compatible for Editor in 2.11 ms, found 2 plugins.
Preloading 0 native plugins for Editor in 0.00 ms.
Unloading 3307 Unused Serialized files (Serialized files now loaded: 0)
System memory in use before: 266.9 MB.
System memory in use after: 267.2 MB.

Unloading 33 unused Assets to reduce memory usage. Loaded Objects now: 4034.
Total: 10.864800 ms (FindLiveObjects: 0.797600 ms CreateObjectMapping: 0.407700 ms MarkObjects: 9.440700 ms  DeleteObjects: 0.213200 ms)

AssetImportParameters requested are different than current active one (requested -> active):
  custom:framework-win-MediaFoundation: 216162199b28c13a410421893ffa2e32 -> 
  custom:video-decoder-ogg-theora: a1e56fd34408186e4bbccfd4996cb3dc -> 
  custom:container-muxer-webm: aa71ff27fc2769a1b78a27578f13a17b -> 
  custom:container-demuxer-webm: 4f35f7cbe854078d1ac9338744f61a02 -> 
  custom:container-demuxer-ogg: 62fdf1f143b41e24485cea50d1cbac27 -> 
  custom:video-encoder-webm-vp8: eb34c28f22e8b96e1ab97ce403110664 -> 
  custom:video-decoder-webm-vp8: 9c59270c3fd7afecdb556c50c9e8de78 -> 
  custom:audio-decoder-ogg-vorbis: bf7c407c2cedff20999df2af8eb42d56 -> 
  custom:audio-encoder-webm-vorbis: bf7c407c2cedff20999df2af8eb42d56 -> 
========================================================================
Received Prepare
Registering precompiled user dll's ...
Registered in 0.012507 seconds.
Begin MonoManager ReloadAssembly
Native extension for WindowsStandalone target not found
Native extension for WebGL target not found
Refreshing native plugins compatible for Editor in 2.19 ms, found 2 plugins.
Preloading 0 native plugins for Editor in 0.00 ms.
Mono: successfully reloaded assembly
- Completed reload, in  3.540 seconds
Domain Reload Profiling:
	ReloadAssembly (3541ms)
		BeginReloadAssembly (327ms)
			ExecutionOrderSort (0ms)
			DisableScriptedObjects (14ms)
			BackupInstance (0ms)
			ReleaseScriptingObjects (0ms)
			CreateAndSetChildDomain (101ms)
		EndReloadAssembly (3014ms)
			LoadAssemblies (279ms)
			RebuildTransferFunctionScriptingTraits (0ms)
			SetupTypeCache (1067ms)
			ReleaseScriptCaches (3ms)
			RebuildScriptCaches (146ms)
			SetupLoadedEditorAssemblies (1057ms)
				LogAssemblyErrors (0ms)
				InitializePlatformSupportModulesInManaged (18ms)
				SetLoadedEditorAssemblies (2ms)
				RefreshPlugins (2ms)
				BeforeProcessingInitializeOnLoad (315ms)
				ProcessInitializeOnLoadAttributes (675ms)
				ProcessInitializeOnLoadMethodAttributes (26ms)
				AfterProcessingInitializeOnLoad (18ms)
				EditorAssembliesLoaded (1ms)
			ExecutionOrderSort2 (0ms)
			AwakeInstancesAfterBackupRestoration (47ms)
Platform modules already initialized, skipping
Refreshing native plugins compatible for Editor in 2.09 ms, found 2 plugins.
Preloading 0 native plugins for Editor in 0.00 ms.
Unloading 3307 Unused Serialized files (Serialized files now loaded: 0)
System memory in use before: 266.9 MB.
System memory in use after: 267.2 MB.

Unloading 33 unused Assets to reduce memory usage. Loaded Objects now: 4036.
Total: 9.651300 ms (FindLiveObjects: 0.650100 ms CreateObjectMapping: 0.272100 ms MarkObjects: 8.673600 ms  DeleteObjects: 0.053100 ms)

AssetImportParameters requested are different than current active one (requested -> active):
  custom:framework-win-MediaFoundation: 216162199b28c13a410421893ffa2e32 -> 
  custom:video-decoder-ogg-theora: a1e56fd34408186e4bbccfd4996cb3dc -> 
  custom:container-muxer-webm: aa71ff27fc2769a1b78a27578f13a17b -> 
  custom:container-demuxer-webm: 4f35f7cbe854078d1ac9338744f61a02 -> 
  custom:container-demuxer-ogg: 62fdf1f143b41e24485cea50d1cbac27 -> 
  custom:video-encoder-webm-vp8: eb34c28f22e8b96e1ab97ce403110664 -> 
  custom:video-decoder-webm-vp8: 9c59270c3fd7afecdb556c50c9e8de78 -> 
  custom:audio-decoder-ogg-vorbis: bf7c407c2cedff20999df2af8eb42d56 -> 
  custom:audio-encoder-webm-vorbis: bf7c407c2cedff20999df2af8eb42d56 -> 
========================================================================
Received Import Request.
  Time since last request: 484.988962 seconds.
  path: Assets/Animation/MenuCharacterAnimation/MenuAnimContoller.controller
  artifactKey: Guid(f904e0ddd78a3584dbb45d1943601025) Importer(815301076,1909f56bfc062723c751e8b465ee728b)
Start importing Assets/Animation/MenuCharacterAnimation/MenuAnimContoller.controller using Guid(f904e0ddd78a3584dbb45d1943601025) Importer(815301076,1909f56bfc062723c751e8b465ee728b)  -> (artifact id: '79da3865f02f519c7fbc5996dc130c41') in 0.082751 seconds 
  Import took 0.103776 seconds .

========================================================================
Received Prepare
Registering precompiled user dll's ...
Registered in 0.010528 seconds.
Begin MonoManager ReloadAssembly
Native extension for WindowsStandalone target not found
Native extension for WebGL target not found
Refreshing native plugins compatible for Editor in 2.11 ms, found 2 plugins.
Preloading 0 native plugins for Editor in 0.00 ms.
Mono: successfully reloaded assembly
- Completed reload, in  3.510 seconds
Domain Reload Profiling:
	ReloadAssembly (3511ms)
		BeginReloadAssembly (342ms)
			ExecutionOrderSort (0ms)
			DisableScriptedObjects (20ms)
			BackupInstance (0ms)
			ReleaseScriptingObjects (0ms)
			CreateAndSetChildDomain (109ms)
		EndReloadAssembly (2969ms)
			LoadAssemblies (283ms)
			RebuildTransferFunctionScriptingTraits (0ms)
			SetupTypeCache (1018ms)
			ReleaseScriptCaches (4ms)
			RebuildScriptCaches (143ms)
			SetupLoadedEditorAssemblies (1073ms)
				LogAssemblyErrors (0ms)
				InitializePlatformSupportModulesInManaged (17ms)
				SetLoadedEditorAssemblies (1ms)
				RefreshPlugins (2ms)
				BeforeProcessingInitializeOnLoad (311ms)
				ProcessInitializeOnLoadAttributes (698ms)
				ProcessInitializeOnLoadMethodAttributes (25ms)
				AfterProcessingInitializeOnLoad (18ms)
				EditorAssembliesLoaded (1ms)
			ExecutionOrderSort2 (0ms)
			AwakeInstancesAfterBackupRestoration (43ms)
Platform modules already initialized, skipping
Refreshing native plugins compatible for Editor in 1.95 ms, found 2 plugins.
Preloading 0 native plugins for Editor in 0.00 ms.
Unloading 3307 Unused Serialized files (Serialized files now loaded: 0)
System memory in use before: 266.9 MB.
System memory in use after: 267.2 MB.

Unloading 33 unused Assets to reduce memory usage. Loaded Objects now: 4038.
Total: 8.818400 ms (FindLiveObjects: 0.652300 ms CreateObjectMapping: 0.319900 ms MarkObjects: 7.789600 ms  DeleteObjects: 0.054000 ms)

AssetImportParameters requested are different than current active one (requested -> active):
  custom:framework-win-MediaFoundation: 216162199b28c13a410421893ffa2e32 -> 
  custom:video-decoder-ogg-theora: a1e56fd34408186e4bbccfd4996cb3dc -> 
  custom:container-muxer-webm: aa71ff27fc2769a1b78a27578f13a17b -> 
  custom:container-demuxer-webm: 4f35f7cbe854078d1ac9338744f61a02 -> 
  custom:container-demuxer-ogg: 62fdf1f143b41e24485cea50d1cbac27 -> 
  custom:video-encoder-webm-vp8: eb34c28f22e8b96e1ab97ce403110664 -> 
  custom:video-decoder-webm-vp8: 9c59270c3fd7afecdb556c50c9e8de78 -> 
  custom:audio-decoder-ogg-vorbis: bf7c407c2cedff20999df2af8eb42d56 -> 
  custom:audio-encoder-webm-vorbis: bf7c407c2cedff20999df2af8eb42d56 -> 
========================================================================
Received Import Request.
  Time since last request: 33.355021 seconds.
  path: Assets/Animation/MenuCharacterAnimation/MenuAnimContoller.controller
  artifactKey: Guid(f904e0ddd78a3584dbb45d1943601025) Importer(815301076,1909f56bfc062723c751e8b465ee728b)
Start importing Assets/Animation/MenuCharacterAnimation/MenuAnimContoller.controller using Guid(f904e0ddd78a3584dbb45d1943601025) Importer(815301076,1909f56bfc062723c751e8b465ee728b)  -> (artifact id: '7f701703ecf44397b7f246cc643d4db1') in 0.052047 seconds 
  Import took 0.068465 seconds .

========================================================================
Received Prepare
Registering precompiled user dll's ...
Registered in 0.010904 seconds.
Begin MonoManager ReloadAssembly
Native extension for WindowsStandalone target not found
Native extension for WebGL target not found
Refreshing native plugins compatible for Editor in 2.00 ms, found 2 plugins.
Preloading 0 native plugins for Editor in 0.00 ms.
Mono: successfully reloaded assembly
- Completed reload, in  3.477 seconds
Domain Reload Profiling:
	ReloadAssembly (3478ms)
		BeginReloadAssembly (323ms)
			ExecutionOrderSort (0ms)
			DisableScriptedObjects (16ms)
			BackupInstance (0ms)
			ReleaseScriptingObjects (0ms)
			CreateAndSetChildDomain (97ms)
		EndReloadAssembly (2952ms)
			LoadAssemblies (277ms)
			RebuildTransferFunctionScriptingTraits (0ms)
			SetupTypeCache (1008ms)
			ReleaseScriptCaches (4ms)
			RebuildScriptCaches (148ms)
			SetupLoadedEditorAssemblies (1048ms)
				LogAssemblyErrors (0ms)
				InitializePlatformSupportModulesInManaged (16ms)
				SetLoadedEditorAssemblies (2ms)
				RefreshPlugins (2ms)
				BeforeProcessingInitializeOnLoad (311ms)
				ProcessInitializeOnLoadAttributes (668ms)
				ProcessInitializeOnLoadMethodAttributes (30ms)
				AfterProcessingInitializeOnLoad (18ms)
				EditorAssembliesLoaded (1ms)
			ExecutionOrderSort2 (0ms)
			AwakeInstancesAfterBackupRestoration (47ms)
Platform modules already initialized, skipping
Refreshing native plugins compatible for Editor in 1.86 ms, found 2 plugins.
Preloading 0 native plugins for Editor in 0.00 ms.
Unloading 3307 Unused Serialized files (Serialized files now loaded: 0)
System memory in use before: 267.0 MB.
System memory in use after: 267.2 MB.

Unloading 33 unused Assets to reduce memory usage. Loaded Objects now: 4040.
Total: 9.351500 ms (FindLiveObjects: 0.747600 ms CreateObjectMapping: 0.295100 ms MarkObjects: 8.257200 ms  DeleteObjects: 0.047800 ms)

AssetImportParameters requested are different than current active one (requested -> active):
  custom:framework-win-MediaFoundation: 216162199b28c13a410421893ffa2e32 -> 
  custom:video-decoder-ogg-theora: a1e56fd34408186e4bbccfd4996cb3dc -> 
  custom:container-muxer-webm: aa71ff27fc2769a1b78a27578f13a17b -> 
  custom:container-demuxer-webm: 4f35f7cbe854078d1ac9338744f61a02 -> 
  custom:container-demuxer-ogg: 62fdf1f143b41e24485cea50d1cbac27 -> 
  custom:video-encoder-webm-vp8: eb34c28f22e8b96e1ab97ce403110664 -> 
  custom:video-decoder-webm-vp8: 9c59270c3fd7afecdb556c50c9e8de78 -> 
  custom:audio-decoder-ogg-vorbis: bf7c407c2cedff20999df2af8eb42d56 -> 
  custom:audio-encoder-webm-vorbis: bf7c407c2cedff20999df2af8eb42d56 -> 
========================================================================
Received Prepare
Registering precompiled user dll's ...
Registered in 0.011253 seconds.
Begin MonoManager ReloadAssembly
Native extension for WindowsStandalone target not found
Native extension for WebGL target not found
Refreshing native plugins compatible for Editor in 2.41 ms, found 2 plugins.
Preloading 0 native plugins for Editor in 0.00 ms.
Mono: successfully reloaded assembly
- Completed reload, in  3.524 seconds
Domain Reload Profiling:
	ReloadAssembly (3526ms)
		BeginReloadAssembly (321ms)
			ExecutionOrderSort (0ms)
			DisableScriptedObjects (13ms)
			BackupInstance (0ms)
			ReleaseScriptingObjects (0ms)
			CreateAndSetChildDomain (98ms)
		EndReloadAssembly (2992ms)
			LoadAssemblies (278ms)
			RebuildTransferFunctionScriptingTraits (0ms)
			SetupTypeCache (1033ms)
			ReleaseScriptCaches (3ms)
			RebuildScriptCaches (144ms)
			SetupLoadedEditorAssemblies (1076ms)
				LogAssemblyErrors (0ms)
				InitializePlatformSupportModulesInManaged (15ms)
				SetLoadedEditorAssemblies (2ms)
				RefreshPlugins (3ms)
				BeforeProcessingInitializeOnLoad (308ms)
				ProcessInitializeOnLoadAttributes (704ms)
				ProcessInitializeOnLoadMethodAttributes (26ms)
				AfterProcessingInitializeOnLoad (18ms)
				EditorAssembliesLoaded (1ms)
			ExecutionOrderSort2 (0ms)
			AwakeInstancesAfterBackupRestoration (48ms)
Platform modules already initialized, skipping
Refreshing native plugins compatible for Editor in 1.21 ms, found 2 plugins.
Preloading 0 native plugins for Editor in 0.00 ms.
Unloading 3307 Unused Serialized files (Serialized files now loaded: 0)
System memory in use before: 266.9 MB.
System memory in use after: 267.2 MB.

Unloading 33 unused Assets to reduce memory usage. Loaded Objects now: 4042.
Total: 6.863700 ms (FindLiveObjects: 0.649000 ms CreateObjectMapping: 0.226700 ms MarkObjects: 5.911600 ms  DeleteObjects: 0.072400 ms)

AssetImportParameters requested are different than current active one (requested -> active):
  custom:framework-win-MediaFoundation: 216162199b28c13a410421893ffa2e32 -> 
  custom:video-decoder-ogg-theora: a1e56fd34408186e4bbccfd4996cb3dc -> 
  custom:container-muxer-webm: aa71ff27fc2769a1b78a27578f13a17b -> 
  custom:container-demuxer-webm: 4f35f7cbe854078d1ac9338744f61a02 -> 
  custom:container-demuxer-ogg: 62fdf1f143b41e24485cea50d1cbac27 -> 
  custom:video-encoder-webm-vp8: eb34c28f22e8b96e1ab97ce403110664 -> 
  custom:video-decoder-webm-vp8: 9c59270c3fd7afecdb556c50c9e8de78 -> 
  custom:audio-decoder-ogg-vorbis: bf7c407c2cedff20999df2af8eb42d56 -> 
  custom:audio-encoder-webm-vorbis: bf7c407c2cedff20999df2af8eb42d56 -> 
========================================================================
Received Prepare
Registering precompiled user dll's ...
Registered in 0.011484 seconds.
Begin MonoManager ReloadAssembly
Native extension for WindowsStandalone target not found
Native extension for WebGL target not found
Refreshing native plugins compatible for Editor in 2.03 ms, found 2 plugins.
Preloading 0 native plugins for Editor in 0.00 ms.
Mono: successfully reloaded assembly
- Completed reload, in  3.387 seconds
Domain Reload Profiling:
	ReloadAssembly (3388ms)
		BeginReloadAssembly (300ms)
			ExecutionOrderSort (0ms)
			DisableScriptedObjects (13ms)
			BackupInstance (0ms)
			ReleaseScriptingObjects (0ms)
			CreateAndSetChildDomain (89ms)
		EndReloadAssembly (2914ms)
			LoadAssemblies (216ms)
			RebuildTransferFunctionScriptingTraits (0ms)
			SetupTypeCache (1015ms)
			ReleaseScriptCaches (4ms)
			RebuildScriptCaches (144ms)
			SetupLoadedEditorAssemblies (1075ms)
				LogAssemblyErrors (0ms)
				InitializePlatformSupportModulesInManaged (16ms)
				SetLoadedEditorAssemblies (1ms)
				RefreshPlugins (2ms)
				BeforeProcessingInitializeOnLoad (308ms)
				ProcessInitializeOnLoadAttributes (703ms)
				ProcessInitializeOnLoadMethodAttributes (25ms)
				AfterProcessingInitializeOnLoad (18ms)
				EditorAssembliesLoaded (1ms)
			ExecutionOrderSort2 (0ms)
			AwakeInstancesAfterBackupRestoration (50ms)
Platform modules already initialized, skipping
Refreshing native plugins compatible for Editor in 2.19 ms, found 2 plugins.
Preloading 0 native plugins for Editor in 0.00 ms.
Unloading 3307 Unused Serialized files (Serialized files now loaded: 0)
System memory in use before: 267.0 MB.
System memory in use after: 267.2 MB.

Unloading 33 unused Assets to reduce memory usage. Loaded Objects now: 4044.
Total: 7.588800 ms (FindLiveObjects: 0.590500 ms CreateObjectMapping: 0.268900 ms MarkObjects: 6.650800 ms  DeleteObjects: 0.075900 ms)

AssetImportParameters requested are different than current active one (requested -> active):
  custom:framework-win-MediaFoundation: 216162199b28c13a410421893ffa2e32 -> 
  custom:video-decoder-ogg-theora: a1e56fd34408186e4bbccfd4996cb3dc -> 
  custom:container-muxer-webm: aa71ff27fc2769a1b78a27578f13a17b -> 
  custom:container-demuxer-webm: 4f35f7cbe854078d1ac9338744f61a02 -> 
  custom:container-demuxer-ogg: 62fdf1f143b41e24485cea50d1cbac27 -> 
  custom:video-encoder-webm-vp8: eb34c28f22e8b96e1ab97ce403110664 -> 
  custom:video-decoder-webm-vp8: 9c59270c3fd7afecdb556c50c9e8de78 -> 
  custom:audio-decoder-ogg-vorbis: bf7c407c2cedff20999df2af8eb42d56 -> 
  custom:audio-encoder-webm-vorbis: bf7c407c2cedff20999df2af8eb42d56 -> 
========================================================================
Received Prepare
Registering precompiled user dll's ...
Registered in 0.010304 seconds.
Begin MonoManager ReloadAssembly
Native extension for WindowsStandalone target not found
Native extension for WebGL target not found
Refreshing native plugins compatible for Editor in 2.08 ms, found 2 plugins.
Preloading 0 native plugins for Editor in 0.00 ms.
Mono: successfully reloaded assembly
- Completed reload, in  3.518 seconds
Domain Reload Profiling:
	ReloadAssembly (3520ms)
		BeginReloadAssembly (332ms)
			ExecutionOrderSort (0ms)
			DisableScriptedObjects (14ms)
			BackupInstance (0ms)
			ReleaseScriptingObjects (0ms)
			CreateAndSetChildDomain (101ms)
		EndReloadAssembly (2960ms)
			LoadAssemblies (287ms)
			RebuildTransferFunctionScriptingTraits (0ms)
			SetupTypeCache (1023ms)
			ReleaseScriptCaches (4ms)
			RebuildScriptCaches (139ms)
			SetupLoadedEditorAssemblies (1094ms)
				LogAssemblyErrors (0ms)
				InitializePlatformSupportModulesInManaged (17ms)
				SetLoadedEditorAssemblies (1ms)
				RefreshPlugins (2ms)
				BeforeProcessingInitializeOnLoad (323ms)
				ProcessInitializeOnLoadAttributes (707ms)
				ProcessInitializeOnLoadMethodAttributes (24ms)
				AfterProcessingInitializeOnLoad (18ms)
				EditorAssembliesLoaded (1ms)
			ExecutionOrderSort2 (0ms)
			AwakeInstancesAfterBackupRestoration (46ms)
Platform modules already initialized, skipping
Refreshing native plugins compatible for Editor in 2.38 ms, found 2 plugins.
Preloading 0 native plugins for Editor in 0.00 ms.
Unloading 3307 Unused Serialized files (Serialized files now loaded: 0)
System memory in use before: 267.0 MB.
System memory in use after: 267.2 MB.

Unloading 33 unused Assets to reduce memory usage. Loaded Objects now: 4046.
Total: 8.567900 ms (FindLiveObjects: 0.560000 ms CreateObjectMapping: 0.259800 ms MarkObjects: 7.670900 ms  DeleteObjects: 0.074500 ms)

AssetImportParameters requested are different than current active one (requested -> active):
  custom:framework-win-MediaFoundation: 216162199b28c13a410421893ffa2e32 -> 
  custom:video-decoder-ogg-theora: a1e56fd34408186e4bbccfd4996cb3dc -> 
  custom:container-muxer-webm: aa71ff27fc2769a1b78a27578f13a17b -> 
  custom:container-demuxer-webm: 4f35f7cbe854078d1ac9338744f61a02 -> 
  custom:container-demuxer-ogg: 62fdf1f143b41e24485cea50d1cbac27 -> 
  custom:video-encoder-webm-vp8: eb34c28f22e8b96e1ab97ce403110664 -> 
  custom:video-decoder-webm-vp8: 9c59270c3fd7afecdb556c50c9e8de78 -> 
  custom:audio-decoder-ogg-vorbis: bf7c407c2cedff20999df2af8eb42d56 -> 
  custom:audio-encoder-webm-vorbis: bf7c407c2cedff20999df2af8eb42d56 -> 
========================================================================
Received Import Request.
  Time since last request: 584.069781 seconds.
  path: Assets/Scenes/RainingLevel/RainingLevel 2.unity
  artifactKey: Guid(23d6f6003d975c843859a339e8ba35b9) Importer(815301076,1909f56bfc062723c751e8b465ee728b)
Start importing Assets/Scenes/RainingLevel/RainingLevel 2.unity using Guid(23d6f6003d975c843859a339e8ba35b9) Importer(815301076,1909f56bfc062723c751e8b465ee728b)  -> (artifact id: '0cd074eddd4e17ddee6b21d34d3c38e5') in 0.048823 seconds 
  Import took 0.067618 seconds .

========================================================================
Received Import Request.
  Time since last request: 22.881931 seconds.
  path: Assets/Scenes/RainingLevel/RainingLevel 3.unity
  artifactKey: Guid(e22fc6e4f25908f4487af0698a541a6c) Importer(815301076,1909f56bfc062723c751e8b465ee728b)
Start importing Assets/Scenes/RainingLevel/RainingLevel 3.unity using Guid(e22fc6e4f25908f4487af0698a541a6c) Importer(815301076,1909f56bfc062723c751e8b465ee728b)  -> (artifact id: 'aab7b719ae39bb57f9be6c56cd34a258') in 0.015230 seconds 
  Import took 0.031491 seconds .

========================================================================
Received Import Request.
  Time since last request: 141.493096 seconds.
  path: Assets/Prefabs/Level/_Prefabs/Ground.prefab
  artifactKey: Guid(3b8041b4291cbb24086c343a4a229c2b) Importer(815301076,1909f56bfc062723c751e8b465ee728b)
Start importing Assets/Prefabs/Level/_Prefabs/Ground.prefab using Guid(3b8041b4291cbb24086c343a4a229c2b) Importer(815301076,1909f56bfc062723c751e8b465ee728b)  -> (artifact id: 'c9d5f57fb15bccb03e4be302dd9f49aa') in 0.581385 seconds 
  Import took 0.604924 seconds .

========================================================================
Received Prepare
Registering precompiled user dll's ...
Registered in 0.011050 seconds.
Begin MonoManager ReloadAssembly
Native extension for WindowsStandalone target not found
Native extension for WebGL target not found
Refreshing native plugins compatible for Editor in 1.29 ms, found 2 plugins.
Preloading 0 native plugins for Editor in 0.00 ms.
Mono: successfully reloaded assembly
- Completed reload, in  3.347 seconds
Domain Reload Profiling:
	ReloadAssembly (3348ms)
		BeginReloadAssembly (334ms)
			ExecutionOrderSort (0ms)
			DisableScriptedObjects (21ms)
			BackupInstance (0ms)
			ReleaseScriptingObjects (0ms)
			CreateAndSetChildDomain (106ms)
		EndReloadAssembly (2812ms)
			LoadAssemblies (274ms)
			RebuildTransferFunctionScriptingTraits (0ms)
			SetupTypeCache (1014ms)
			ReleaseScriptCaches (4ms)
			RebuildScriptCaches (139ms)
			SetupLoadedEditorAssemblies (968ms)
				LogAssemblyErrors (0ms)
				InitializePlatformSupportModulesInManaged (7ms)
				SetLoadedEditorAssemblies (1ms)
				RefreshPlugins (1ms)
				BeforeProcessingInitializeOnLoad (244ms)
				ProcessInitializeOnLoadAttributes (671ms)
				ProcessInitializeOnLoadMethodAttributes (25ms)
				AfterProcessingInitializeOnLoad (18ms)
				EditorAssembliesLoaded (1ms)
			ExecutionOrderSort2 (0ms)
			AwakeInstancesAfterBackupRestoration (47ms)
Platform modules already initialized, skipping
Refreshing native plugins compatible for Editor in 1.92 ms, found 2 plugins.
Preloading 0 native plugins for Editor in 0.00 ms.
Unloading 3307 Unused Serialized files (Serialized files now loaded: 0)
System memory in use before: 267.2 MB.
System memory in use after: 267.5 MB.

Unloading 33 unused Assets to reduce memory usage. Loaded Objects now: 4084.
Total: 8.239600 ms (FindLiveObjects: 0.712900 ms CreateObjectMapping: 0.228900 ms MarkObjects: 7.246100 ms  DeleteObjects: 0.049800 ms)

AssetImportParameters requested are different than current active one (requested -> active):
  custom:framework-win-MediaFoundation: 216162199b28c13a410421893ffa2e32 -> 
  custom:video-decoder-ogg-theora: a1e56fd34408186e4bbccfd4996cb3dc -> 
  custom:container-muxer-webm: aa71ff27fc2769a1b78a27578f13a17b -> 
  custom:container-demuxer-webm: 4f35f7cbe854078d1ac9338744f61a02 -> 
  custom:container-demuxer-ogg: 62fdf1f143b41e24485cea50d1cbac27 -> 
  custom:video-encoder-webm-vp8: eb34c28f22e8b96e1ab97ce403110664 -> 
  custom:video-decoder-webm-vp8: 9c59270c3fd7afecdb556c50c9e8de78 -> 
  custom:audio-decoder-ogg-vorbis: bf7c407c2cedff20999df2af8eb42d56 -> 
  custom:audio-encoder-webm-vorbis: bf7c407c2cedff20999df2af8eb42d56 -> 
========================================================================
Received Prepare
Registering precompiled user dll's ...
Registered in 0.010232 seconds.
Begin MonoManager ReloadAssembly
Native extension for WindowsStandalone target not found
Native extension for WebGL target not found
Refreshing native plugins compatible for Editor in 3.11 ms, found 2 plugins.
Preloading 0 native plugins for Editor in 0.00 ms.
Mono: successfully reloaded assembly
- Completed reload, in  3.505 seconds
Domain Reload Profiling:
	ReloadAssembly (3507ms)
		BeginReloadAssembly (315ms)
			ExecutionOrderSort (0ms)
			DisableScriptedObjects (13ms)
			BackupInstance (0ms)
			ReleaseScriptingObjects (0ms)
			CreateAndSetChildDomain (94ms)
		EndReloadAssembly (3002ms)
			LoadAssemblies (261ms)
			RebuildTransferFunctionScriptingTraits (0ms)
			SetupTypeCache (1031ms)
			ReleaseScriptCaches (4ms)
			RebuildScriptCaches (145ms)
			SetupLoadedEditorAssemblies (1099ms)
				LogAssemblyErrors (0ms)
				InitializePlatformSupportModulesInManaged (16ms)
				SetLoadedEditorAssemblies (2ms)
				RefreshPlugins (3ms)
				BeforeProcessingInitializeOnLoad (309ms)
				ProcessInitializeOnLoadAttributes (725ms)
				ProcessInitializeOnLoadMethodAttributes (25ms)
				AfterProcessingInitializeOnLoad (18ms)
				EditorAssembliesLoaded (1ms)
			ExecutionOrderSort2 (0ms)
			AwakeInstancesAfterBackupRestoration (49ms)
Platform modules already initialized, skipping
Refreshing native plugins compatible for Editor in 2.07 ms, found 2 plugins.
Preloading 0 native plugins for Editor in 0.00 ms.
Unloading 3307 Unused Serialized files (Serialized files now loaded: 0)
System memory in use before: 267.2 MB.
System memory in use after: 267.5 MB.

Unloading 33 unused Assets to reduce memory usage. Loaded Objects now: 4086.
Total: 9.476200 ms (FindLiveObjects: 0.571800 ms CreateObjectMapping: 0.267900 ms MarkObjects: 8.562400 ms  DeleteObjects: 0.071500 ms)

AssetImportParameters requested are different than current active one (requested -> active):
  custom:framework-win-MediaFoundation: 216162199b28c13a410421893ffa2e32 -> 
  custom:video-decoder-ogg-theora: a1e56fd34408186e4bbccfd4996cb3dc -> 
  custom:container-muxer-webm: aa71ff27fc2769a1b78a27578f13a17b -> 
  custom:container-demuxer-webm: 4f35f7cbe854078d1ac9338744f61a02 -> 
  custom:container-demuxer-ogg: 62fdf1f143b41e24485cea50d1cbac27 -> 
  custom:video-encoder-webm-vp8: eb34c28f22e8b96e1ab97ce403110664 -> 
  custom:video-decoder-webm-vp8: 9c59270c3fd7afecdb556c50c9e8de78 -> 
  custom:audio-decoder-ogg-vorbis: bf7c407c2cedff20999df2af8eb42d56 -> 
  custom:audio-encoder-webm-vorbis: bf7c407c2cedff20999df2af8eb42d56 -> 
========================================================================
Received Import Request.
  Time since last request: 202.157366 seconds.
  path: Assets/Scenes/DayLevel/Level 1.unity
  artifactKey: Guid(eb7fa9ffd53e118498d3c36f0e8bde40) Importer(815301076,1909f56bfc062723c751e8b465ee728b)
Start importing Assets/Scenes/DayLevel/Level 1.unity using Guid(eb7fa9ffd53e118498d3c36f0e8bde40) Importer(815301076,1909f56bfc062723c751e8b465ee728b)  -> (artifact id: '3813985e7a33e1a65997570caa670fa8') in 0.052348 seconds 
  Import took 0.072230 seconds .

========================================================================
Received Import Request.
  Time since last request: 8.946235 seconds.
  path: Assets/Scenes/DayLevel/Level 2.unity
  artifactKey: Guid(813627bdacc907b469ae8838f40d4988) Importer(815301076,1909f56bfc062723c751e8b465ee728b)
Start importing Assets/Scenes/DayLevel/Level 2.unity using Guid(813627bdacc907b469ae8838f40d4988) Importer(815301076,1909f56bfc062723c751e8b465ee728b)  -> (artifact id: '5986036502e7adb96a1abe670abaf03e') in 0.013764 seconds 
  Import took 0.030651 seconds .

========================================================================
Received Prepare
Registering precompiled user dll's ...
Registered in 0.010393 seconds.
Begin MonoManager ReloadAssembly
Native extension for WindowsStandalone target not found
Native extension for WebGL target not found
Refreshing native plugins compatible for Editor in 2.10 ms, found 2 plugins.
Preloading 0 native plugins for Editor in 0.00 ms.
Mono: successfully reloaded assembly
- Completed reload, in  3.472 seconds
Domain Reload Profiling:
	ReloadAssembly (3473ms)
		BeginReloadAssembly (325ms)
			ExecutionOrderSort (0ms)
			DisableScriptedObjects (13ms)
			BackupInstance (0ms)
			ReleaseScriptingObjects (0ms)
			CreateAndSetChildDomain (96ms)
		EndReloadAssembly (2941ms)
			LoadAssemblies (276ms)
			RebuildTransferFunctionScriptingTraits (0ms)
			SetupTypeCache (1015ms)
			ReleaseScriptCaches (4ms)
			RebuildScriptCaches (139ms)
			SetupLoadedEditorAssemblies (1064ms)
				LogAssemblyErrors (0ms)
				InitializePlatformSupportModulesInManaged (17ms)
				SetLoadedEditorAssemblies (1ms)
				RefreshPlugins (2ms)
				BeforeProcessingInitializeOnLoad (310ms)
				ProcessInitializeOnLoadAttributes (685ms)
				ProcessInitializeOnLoadMethodAttributes (25ms)
				AfterProcessingInitializeOnLoad (23ms)
				EditorAssembliesLoaded (1ms)
			ExecutionOrderSort2 (0ms)
			AwakeInstancesAfterBackupRestoration (45ms)
Platform modules already initialized, skipping
Refreshing native plugins compatible for Editor in 2.37 ms, found 2 plugins.
Preloading 0 native plugins for Editor in 0.00 ms.
Unloading 3307 Unused Serialized files (Serialized files now loaded: 0)
System memory in use before: 267.3 MB.
System memory in use after: 267.5 MB.

Unloading 33 unused Assets to reduce memory usage. Loaded Objects now: 4088.
Total: 10.837400 ms (FindLiveObjects: 0.688700 ms CreateObjectMapping: 0.307300 ms MarkObjects: 9.724900 ms  DeleteObjects: 0.113100 ms)

AssetImportParameters requested are different than current active one (requested -> active):
  custom:framework-win-MediaFoundation: 216162199b28c13a410421893ffa2e32 -> 
  custom:video-decoder-ogg-theora: a1e56fd34408186e4bbccfd4996cb3dc -> 
  custom:container-muxer-webm: aa71ff27fc2769a1b78a27578f13a17b -> 
  custom:container-demuxer-webm: 4f35f7cbe854078d1ac9338744f61a02 -> 
  custom:container-demuxer-ogg: 62fdf1f143b41e24485cea50d1cbac27 -> 
  custom:video-encoder-webm-vp8: eb34c28f22e8b96e1ab97ce403110664 -> 
  custom:video-decoder-webm-vp8: 9c59270c3fd7afecdb556c50c9e8de78 -> 
  custom:audio-decoder-ogg-vorbis: bf7c407c2cedff20999df2af8eb42d56 -> 
  custom:audio-encoder-webm-vorbis: bf7c407c2cedff20999df2af8eb42d56 -> 
========================================================================
Received Import Request.
  Time since last request: 203.720210 seconds.
  path: Assets/Scenes/Menu.unity
  artifactKey: Guid(8917e7755c25cc443a4e676d88feecee) Importer(815301076,1909f56bfc062723c751e8b465ee728b)
Start importing Assets/Scenes/Menu.unity using Guid(8917e7755c25cc443a4e676d88feecee) Importer(815301076,1909f56bfc062723c751e8b465ee728b)  -> (artifact id: '6866d9602d9bfa13edcd69d2d7d99dde') in 0.041530 seconds 
  Import took 0.052804 seconds .

========================================================================
Received Prepare
Registering precompiled user dll's ...
Registered in 0.023352 seconds.
Begin MonoManager ReloadAssembly
Native extension for WindowsStandalone target not found
Native extension for WebGL target not found
Refreshing native plugins compatible for Editor in 1.91 ms, found 2 plugins.
Preloading 0 native plugins for Editor in 0.00 ms.
Mono: successfully reloaded assembly
- Completed reload, in  3.325 seconds
Domain Reload Profiling:
	ReloadAssembly (3326ms)
		BeginReloadAssembly (327ms)
			ExecutionOrderSort (0ms)
			DisableScriptedObjects (15ms)
			BackupInstance (0ms)
			ReleaseScriptingObjects (0ms)
			CreateAndSetChildDomain (106ms)
		EndReloadAssembly (2790ms)
			LoadAssemblies (281ms)
			RebuildTransferFunctionScriptingTraits (0ms)
			SetupTypeCache (1013ms)
			ReleaseScriptCaches (2ms)
			RebuildScriptCaches (112ms)
			SetupLoadedEditorAssemblies (969ms)
				LogAssemblyErrors (0ms)
				InitializePlatformSupportModulesInManaged (15ms)
				SetLoadedEditorAssemblies (1ms)
				RefreshPlugins (2ms)
				BeforeProcessingInitializeOnLoad (311ms)
				ProcessInitializeOnLoadAttributes (595ms)
				ProcessInitializeOnLoadMethodAttributes (26ms)
				AfterProcessingInitializeOnLoad (17ms)
				EditorAssembliesLoaded (1ms)
			ExecutionOrderSort2 (0ms)
			AwakeInstancesAfterBackupRestoration (54ms)
Platform modules already initialized, skipping
Refreshing native plugins compatible for Editor in 2.49 ms, found 2 plugins.
Preloading 0 native plugins for Editor in 0.00 ms.
Unloading 3307 Unused Serialized files (Serialized files now loaded: 0)
System memory in use before: 267.3 MB.
System memory in use after: 267.5 MB.

Unloading 33 unused Assets to reduce memory usage. Loaded Objects now: 4090.
Total: 8.781200 ms (FindLiveObjects: 0.930800 ms CreateObjectMapping: 0.251600 ms MarkObjects: 7.549300 ms  DeleteObjects: 0.046900 ms)

AssetImportParameters requested are different than current active one (requested -> active):
  custom:framework-win-MediaFoundation: 216162199b28c13a410421893ffa2e32 -> 
  custom:video-decoder-ogg-theora: a1e56fd34408186e4bbccfd4996cb3dc -> 
  custom:container-muxer-webm: aa71ff27fc2769a1b78a27578f13a17b -> 
  custom:container-demuxer-webm: 4f35f7cbe854078d1ac9338744f61a02 -> 
  custom:container-demuxer-ogg: 62fdf1f143b41e24485cea50d1cbac27 -> 
  custom:video-encoder-webm-vp8: eb34c28f22e8b96e1ab97ce403110664 -> 
  custom:video-decoder-webm-vp8: 9c59270c3fd7afecdb556c50c9e8de78 -> 
  custom:audio-decoder-ogg-vorbis: bf7c407c2cedff20999df2af8eb42d56 -> 
  custom:audio-encoder-webm-vorbis: bf7c407c2cedff20999df2af8eb42d56 -> 
========================================================================
Received Prepare
Registering precompiled user dll's ...
Registered in 0.010408 seconds.
Begin MonoManager ReloadAssembly
Native extension for WindowsStandalone target not found
Native extension for WebGL target not found
Refreshing native plugins compatible for Editor in 2.53 ms, found 2 plugins.
Preloading 0 native plugins for Editor in 0.00 ms.
Mono: successfully reloaded assembly
- Completed reload, in  3.479 seconds
Domain Reload Profiling:
	ReloadAssembly (3480ms)
		BeginReloadAssembly (336ms)
			ExecutionOrderSort (0ms)
			DisableScriptedObjects (15ms)
			BackupInstance (0ms)
			ReleaseScriptingObjects (0ms)
			CreateAndSetChildDomain (101ms)
		EndReloadAssembly (2940ms)
			LoadAssemblies (276ms)
			RebuildTransferFunctionScriptingTraits (0ms)
			SetupTypeCache (1019ms)
			ReleaseScriptCaches (4ms)
			RebuildScriptCaches (141ms)
			SetupLoadedEditorAssemblies (1047ms)
				LogAssemblyErrors (0ms)
				InitializePlatformSupportModulesInManaged (17ms)
				SetLoadedEditorAssemblies (2ms)
				RefreshPlugins (3ms)
				BeforeProcessingInitializeOnLoad (319ms)
				ProcessInitializeOnLoadAttributes (663ms)
				ProcessInitializeOnLoadMethodAttributes (25ms)
				AfterProcessingInitializeOnLoad (18ms)
				EditorAssembliesLoaded (1ms)
			ExecutionOrderSort2 (0ms)
			AwakeInstancesAfterBackupRestoration (51ms)
Platform modules already initialized, skipping
Refreshing native plugins compatible for Editor in 2.49 ms, found 2 plugins.
Preloading 0 native plugins for Editor in 0.00 ms.
Unloading 3307 Unused Serialized files (Serialized files now loaded: 0)
System memory in use before: 267.3 MB.
System memory in use after: 267.5 MB.

Unloading 33 unused Assets to reduce memory usage. Loaded Objects now: 4092.
Total: 12.655500 ms (FindLiveObjects: 0.956900 ms CreateObjectMapping: 0.454300 ms MarkObjects: 11.151500 ms  DeleteObjects: 0.089900 ms)

AssetImportParameters requested are different than current active one (requested -> active):
  custom:framework-win-MediaFoundation: 216162199b28c13a410421893ffa2e32 -> 
  custom:video-decoder-ogg-theora: a1e56fd34408186e4bbccfd4996cb3dc -> 
  custom:container-muxer-webm: aa71ff27fc2769a1b78a27578f13a17b -> 
  custom:container-demuxer-webm: 4f35f7cbe854078d1ac9338744f61a02 -> 
  custom:container-demuxer-ogg: 62fdf1f143b41e24485cea50d1cbac27 -> 
  custom:video-encoder-webm-vp8: eb34c28f22e8b96e1ab97ce403110664 -> 
  custom:video-decoder-webm-vp8: 9c59270c3fd7afecdb556c50c9e8de78 -> 
  custom:audio-decoder-ogg-vorbis: bf7c407c2cedff20999df2af8eb42d56 -> 
  custom:audio-encoder-webm-vorbis: bf7c407c2cedff20999df2af8eb42d56 -> 
========================================================================
Received Prepare
Registering precompiled user dll's ...
Registered in 0.009662 seconds.
Begin MonoManager ReloadAssembly
Native extension for WindowsStandalone target not found
Native extension for WebGL target not found
Refreshing native plugins compatible for Editor in 2.56 ms, found 2 plugins.
Preloading 0 native plugins for Editor in 0.00 ms.
Mono: successfully reloaded assembly
- Completed reload, in  3.542 seconds
Domain Reload Profiling:
	ReloadAssembly (3543ms)
		BeginReloadAssembly (331ms)
			ExecutionOrderSort (0ms)
			DisableScriptedObjects (14ms)
			BackupInstance (0ms)
			ReleaseScriptingObjects (0ms)
			CreateAndSetChildDomain (95ms)
		EndReloadAssembly (3005ms)
			LoadAssemblies (279ms)
			RebuildTransferFunctionScriptingTraits (0ms)
			SetupTypeCache (1008ms)
			ReleaseScriptCaches (4ms)
			RebuildScriptCaches (137ms)
			SetupLoadedEditorAssemblies (1115ms)
				LogAssemblyErrors (0ms)
				InitializePlatformSupportModulesInManaged (18ms)
				SetLoadedEditorAssemblies (1ms)
				RefreshPlugins (3ms)
				BeforeProcessingInitializeOnLoad (321ms)
				ProcessInitializeOnLoadAttributes (727ms)
				ProcessInitializeOnLoadMethodAttributes (25ms)
				AfterProcessingInitializeOnLoad (19ms)
				EditorAssembliesLoaded (1ms)
			ExecutionOrderSort2 (0ms)
			AwakeInstancesAfterBackupRestoration (51ms)
Platform modules already initialized, skipping
Refreshing native plugins compatible for Editor in 2.14 ms, found 2 plugins.
Preloading 0 native plugins for Editor in 0.00 ms.
Unloading 3307 Unused Serialized files (Serialized files now loaded: 0)
System memory in use before: 267.3 MB.
System memory in use after: 267.5 MB.

Unloading 33 unused Assets to reduce memory usage. Loaded Objects now: 4094.
Total: 7.906900 ms (FindLiveObjects: 0.657700 ms CreateObjectMapping: 0.263500 ms MarkObjects: 6.944500 ms  DeleteObjects: 0.039800 ms)

AssetImportParameters requested are different than current active one (requested -> active):
  custom:framework-win-MediaFoundation: 216162199b28c13a410421893ffa2e32 -> 
  custom:video-decoder-ogg-theora: a1e56fd34408186e4bbccfd4996cb3dc -> 
  custom:container-muxer-webm: aa71ff27fc2769a1b78a27578f13a17b -> 
  custom:container-demuxer-webm: 4f35f7cbe854078d1ac9338744f61a02 -> 
  custom:container-demuxer-ogg: 62fdf1f143b41e24485cea50d1cbac27 -> 
  custom:video-encoder-webm-vp8: eb34c28f22e8b96e1ab97ce403110664 -> 
  custom:video-decoder-webm-vp8: 9c59270c3fd7afecdb556c50c9e8de78 -> 
  custom:audio-decoder-ogg-vorbis: bf7c407c2cedff20999df2af8eb42d56 -> 
  custom:audio-encoder-webm-vorbis: bf7c407c2cedff20999df2af8eb42d56 -> 
========================================================================
Received Prepare
Registering precompiled user dll's ...
Registered in 0.011378 seconds.
Begin MonoManager ReloadAssembly
Native extension for WindowsStandalone target not found
Native extension for WebGL target not found
Refreshing native plugins compatible for Editor in 2.02 ms, found 2 plugins.
Preloading 0 native plugins for Editor in 0.00 ms.
Mono: successfully reloaded assembly
- Completed reload, in  3.429 seconds
Domain Reload Profiling:
	ReloadAssembly (3430ms)
		BeginReloadAssembly (307ms)
			ExecutionOrderSort (0ms)
			DisableScriptedObjects (13ms)
			BackupInstance (0ms)
			ReleaseScriptingObjects (0ms)
			CreateAndSetChildDomain (94ms)
		EndReloadAssembly (2920ms)
			LoadAssemblies (277ms)
			RebuildTransferFunctionScriptingTraits (0ms)
			SetupTypeCache (1014ms)
			ReleaseScriptCaches (3ms)
			RebuildScriptCaches (136ms)
			SetupLoadedEditorAssemblies (1044ms)
				LogAssemblyErrors (0ms)
				InitializePlatformSupportModulesInManaged (17ms)
				SetLoadedEditorAssemblies (1ms)
				RefreshPlugins (2ms)
				BeforeProcessingInitializeOnLoad (314ms)
				ProcessInitializeOnLoadAttributes (664ms)
				ProcessInitializeOnLoadMethodAttributes (26ms)
				AfterProcessingInitializeOnLoad (18ms)
				EditorAssembliesLoaded (1ms)
			ExecutionOrderSort2 (0ms)
			AwakeInstancesAfterBackupRestoration (48ms)
Platform modules already initialized, skipping
Refreshing native plugins compatible for Editor in 2.03 ms, found 2 plugins.
Preloading 0 native plugins for Editor in 0.00 ms.
Unloading 3307 Unused Serialized files (Serialized files now loaded: 0)
System memory in use before: 267.3 MB.
System memory in use after: 267.5 MB.

Unloading 33 unused Assets to reduce memory usage. Loaded Objects now: 4096.
Total: 9.740100 ms (FindLiveObjects: 0.685600 ms CreateObjectMapping: 0.341900 ms MarkObjects: 8.636000 ms  DeleteObjects: 0.073100 ms)

AssetImportParameters requested are different than current active one (requested -> active):
  custom:framework-win-MediaFoundation: 216162199b28c13a410421893ffa2e32 -> 
  custom:video-decoder-ogg-theora: a1e56fd34408186e4bbccfd4996cb3dc -> 
  custom:container-muxer-webm: aa71ff27fc2769a1b78a27578f13a17b -> 
  custom:container-demuxer-webm: 4f35f7cbe854078d1ac9338744f61a02 -> 
  custom:container-demuxer-ogg: 62fdf1f143b41e24485cea50d1cbac27 -> 
  custom:video-encoder-webm-vp8: eb34c28f22e8b96e1ab97ce403110664 -> 
  custom:video-decoder-webm-vp8: 9c59270c3fd7afecdb556c50c9e8de78 -> 
  custom:audio-decoder-ogg-vorbis: bf7c407c2cedff20999df2af8eb42d56 -> 
  custom:audio-encoder-webm-vorbis: bf7c407c2cedff20999df2af8eb42d56 -> 
========================================================================
Received Import Request.
  Time since last request: 284.356779 seconds.
  path: Assets/Scenes/Menu.unity
  artifactKey: Guid(8917e7755c25cc443a4e676d88feecee) Importer(815301076,1909f56bfc062723c751e8b465ee728b)
Start importing Assets/Scenes/Menu.unity using Guid(8917e7755c25cc443a4e676d88feecee) Importer(815301076,1909f56bfc062723c751e8b465ee728b)  -> (artifact id: '5bf6a41844c2ecc57534f9b58bc06297') in 0.034673 seconds 
  Import took 0.050850 seconds .

========================================================================
Received Prepare
Registering precompiled user dll's ...
Registered in 0.009907 seconds.
Begin MonoManager ReloadAssembly
Native extension for WindowsStandalone target not found
Native extension for WebGL target not found
Refreshing native plugins compatible for Editor in 1.88 ms, found 2 plugins.
Preloading 0 native plugins for Editor in 0.00 ms.
Mono: successfully reloaded assembly
- Completed reload, in  3.192 seconds
Domain Reload Profiling:
	ReloadAssembly (3194ms)
		BeginReloadAssembly (336ms)
			ExecutionOrderSort (0ms)
			DisableScriptedObjects (14ms)
			BackupInstance (0ms)
			ReleaseScriptingObjects (0ms)
			CreateAndSetChildDomain (109ms)
		EndReloadAssembly (2656ms)
			LoadAssemblies (279ms)
			RebuildTransferFunctionScriptingTraits (0ms)
			SetupTypeCache (975ms)
			ReleaseScriptCaches (3ms)
			RebuildScriptCaches (125ms)
			SetupLoadedEditorAssemblies (883ms)
				LogAssemblyErrors (0ms)
				InitializePlatformSupportModulesInManaged (16ms)
				SetLoadedEditorAssemblies (1ms)
				RefreshPlugins (2ms)
				BeforeProcessingInitializeOnLoad (265ms)
				ProcessInitializeOnLoadAttributes (561ms)
				ProcessInitializeOnLoadMethodAttributes (25ms)
				AfterProcessingInitializeOnLoad (12ms)
				EditorAssembliesLoaded (0ms)
			ExecutionOrderSort2 (0ms)
			AwakeInstancesAfterBackupRestoration (47ms)
Platform modules already initialized, skipping
Refreshing native plugins compatible for Editor in 3.93 ms, found 2 plugins.
Preloading 0 native plugins for Editor in 0.00 ms.
Unloading 3307 Unused Serialized files (Serialized files now loaded: 0)
System memory in use before: 267.3 MB.
System memory in use after: 267.5 MB.

Unloading 33 unused Assets to reduce memory usage. Loaded Objects now: 4098.
Total: 14.490600 ms (FindLiveObjects: 1.205600 ms CreateObjectMapping: 1.558900 ms MarkObjects: 11.519500 ms  DeleteObjects: 0.200000 ms)

AssetImportParameters requested are different than current active one (requested -> active):
  custom:framework-win-MediaFoundation: 216162199b28c13a410421893ffa2e32 -> 
  custom:video-decoder-ogg-theora: a1e56fd34408186e4bbccfd4996cb3dc -> 
  custom:container-muxer-webm: aa71ff27fc2769a1b78a27578f13a17b -> 
  custom:container-demuxer-webm: 4f35f7cbe854078d1ac9338744f61a02 -> 
  custom:container-demuxer-ogg: 62fdf1f143b41e24485cea50d1cbac27 -> 
  custom:video-encoder-webm-vp8: eb34c28f22e8b96e1ab97ce403110664 -> 
  custom:video-decoder-webm-vp8: 9c59270c3fd7afecdb556c50c9e8de78 -> 
  custom:audio-decoder-ogg-vorbis: bf7c407c2cedff20999df2af8eb42d56 -> 
  custom:audio-encoder-webm-vorbis: bf7c407c2cedff20999df2af8eb42d56 -> 
========================================================================
Received Prepare
Registering precompiled user dll's ...
Registered in 0.011882 seconds.
Begin MonoManager ReloadAssembly
Native extension for WindowsStandalone target not found
Native extension for WebGL target not found
Refreshing native plugins compatible for Editor in 2.19 ms, found 2 plugins.
Preloading 0 native plugins for Editor in 0.00 ms.
Mono: successfully reloaded assembly
- Completed reload, in  3.495 seconds
Domain Reload Profiling:
	ReloadAssembly (3497ms)
		BeginReloadAssembly (337ms)
			ExecutionOrderSort (0ms)
			DisableScriptedObjects (15ms)
			BackupInstance (0ms)
			ReleaseScriptingObjects (0ms)
			CreateAndSetChildDomain (99ms)
		EndReloadAssembly (2948ms)
			LoadAssemblies (282ms)
			RebuildTransferFunctionScriptingTraits (0ms)
			SetupTypeCache (1032ms)
			ReleaseScriptCaches (3ms)
			RebuildScriptCaches (146ms)
			SetupLoadedEditorAssemblies (1040ms)
				LogAssemblyErrors (0ms)
				InitializePlatformSupportModulesInManaged (16ms)
				SetLoadedEditorAssemblies (1ms)
				RefreshPlugins (2ms)
				BeforeProcessingInitializeOnLoad (295ms)
				ProcessInitializeOnLoadAttributes (681ms)
				ProcessInitializeOnLoadMethodAttributes (26ms)
				AfterProcessingInitializeOnLoad (18ms)
				EditorAssembliesLoaded (1ms)
			ExecutionOrderSort2 (0ms)
			AwakeInstancesAfterBackupRestoration (47ms)
Platform modules already initialized, skipping
Refreshing native plugins compatible for Editor in 2.11 ms, found 2 plugins.
Preloading 0 native plugins for Editor in 0.00 ms.
Unloading 3307 Unused Serialized files (Serialized files now loaded: 0)
System memory in use before: 267.3 MB.
System memory in use after: 267.5 MB.

Unloading 33 unused Assets to reduce memory usage. Loaded Objects now: 4100.
Total: 10.795700 ms (FindLiveObjects: 0.659500 ms CreateObjectMapping: 0.306100 ms MarkObjects: 9.717100 ms  DeleteObjects: 0.109700 ms)

AssetImportParameters requested are different than current active one (requested -> active):
  custom:framework-win-MediaFoundation: 216162199b28c13a410421893ffa2e32 -> 
  custom:video-decoder-ogg-theora: a1e56fd34408186e4bbccfd4996cb3dc -> 
  custom:container-muxer-webm: aa71ff27fc2769a1b78a27578f13a17b -> 
  custom:container-demuxer-webm: 4f35f7cbe854078d1ac9338744f61a02 -> 
  custom:container-demuxer-ogg: 62fdf1f143b41e24485cea50d1cbac27 -> 
  custom:video-encoder-webm-vp8: eb34c28f22e8b96e1ab97ce403110664 -> 
  custom:video-decoder-webm-vp8: 9c59270c3fd7afecdb556c50c9e8de78 -> 
  custom:audio-decoder-ogg-vorbis: bf7c407c2cedff20999df2af8eb42d56 -> 
  custom:audio-encoder-webm-vorbis: bf7c407c2cedff20999df2af8eb42d56 -> 
========================================================================
Received Prepare
Refreshing native plugins compatible for Editor in 14.67 ms, found 2 plugins.
Preloading 0 native plugins for Editor in 0.00 ms.
Unloading 31 Unused Serialized files (Serialized files now loaded: 0)
System memory in use before: 202.7 MB.
System memory in use after: 203.0 MB.

Unloading 31 unused Assets to reduce memory usage. Loaded Objects now: 4100.
Total: 9.608700 ms (FindLiveObjects: 0.601100 ms CreateObjectMapping: 0.279500 ms MarkObjects: 8.660000 ms  DeleteObjects: 0.064400 ms)

AssetImportParameters requested are different than current active one (requested -> active):
  custom:framework-win-MediaFoundation: 216162199b28c13a410421893ffa2e32 -> 
  custom:video-decoder-ogg-theora: a1e56fd34408186e4bbccfd4996cb3dc -> 
  custom:container-muxer-webm: aa71ff27fc2769a1b78a27578f13a17b -> 
  custom:container-demuxer-webm: 4f35f7cbe854078d1ac9338744f61a02 -> 
  custom:container-demuxer-ogg: 62fdf1f143b41e24485cea50d1cbac27 -> 
  custom:video-encoder-webm-vp8: eb34c28f22e8b96e1ab97ce403110664 -> 
  custom:video-decoder-webm-vp8: 9c59270c3fd7afecdb556c50c9e8de78 -> 
  custom:audio-decoder-ogg-vorbis: bf7c407c2cedff20999df2af8eb42d56 -> 
  custom:audio-encoder-webm-vorbis: bf7c407c2cedff20999df2af8eb42d56 -> 
========================================================================
Received Prepare
Refreshing native plugins compatible for Editor in 19.03 ms, found 2 plugins.
Preloading 0 native plugins for Editor in 0.00 ms.
Unloading 31 Unused Serialized files (Serialized files now loaded: 0)
System memory in use before: 202.8 MB.
System memory in use after: 203.0 MB.

Unloading 31 unused Assets to reduce memory usage. Loaded Objects now: 4100.
Total: 11.355100 ms (FindLiveObjects: 0.638800 ms CreateObjectMapping: 0.254300 ms MarkObjects: 10.386100 ms  DeleteObjects: 0.074000 ms)

AssetImportParameters requested are different than current active one (requested -> active):
  custom:framework-win-MediaFoundation: 216162199b28c13a410421893ffa2e32 -> 
  custom:video-decoder-ogg-theora: a1e56fd34408186e4bbccfd4996cb3dc -> 
  custom:container-muxer-webm: aa71ff27fc2769a1b78a27578f13a17b -> 
  custom:container-demuxer-webm: 4f35f7cbe854078d1ac9338744f61a02 -> 
  custom:container-demuxer-ogg: 62fdf1f143b41e24485cea50d1cbac27 -> 
  custom:video-encoder-webm-vp8: eb34c28f22e8b96e1ab97ce403110664 -> 
  custom:video-decoder-webm-vp8: 9c59270c3fd7afecdb556c50c9e8de78 -> 
  custom:audio-decoder-ogg-vorbis: bf7c407c2cedff20999df2af8eb42d56 -> 
  custom:audio-encoder-webm-vorbis: bf7c407c2cedff20999df2af8eb42d56 -> 
AssetImportWorkerClient::OnTransportError - code=2 error=End of file
